{"/home/lam/git-repo/paradocs/common/env.ts": {"path":"/home/lam/git-repo/paradocs/common/env.ts","statementMap":{"0":{"start":{"line":23,"column":48},"end":{"line":25,"column":null}},"1":{"start":{"line":29,"column":2},"end":{"line":33,"column":null}},"2":{"start":{"line":30,"column":4},"end":{"line":32,"column":null}},"3":{"start":{"line":31,"column":6},"end":{"line":31,"column":null}},"4":{"start":{"line":40,"column":17},"end":{"line":40,"column":null}},"5":{"start":{"line":66,"column":2},"end":{"line":66,"column":null}},"6":{"start":{"line":66,"column":18},"end":{"line":66,"column":null}},"7":{"start":{"line":67,"column":2},"end":{"line":67,"column":null}},"8":{"start":{"line":70,"column":20},"end":{"line":70,"column":null}},"9":{"start":{"line":71,"column":2},"end":{"line":73,"column":null}},"10":{"start":{"line":72,"column":4},"end":{"line":72,"column":null}},"11":{"start":{"line":76,"column":2},"end":{"line":81,"column":null}},"12":{"start":{"line":77,"column":23},"end":{"line":77,"column":null}},"13":{"start":{"line":78,"column":4},"end":{"line":80,"column":null}},"14":{"start":{"line":79,"column":6},"end":{"line":79,"column":null}},"15":{"start":{"line":84,"column":2},"end":{"line":84,"column":null}},"16":{"start":{"line":96,"column":2},"end":{"line":98,"column":null}},"17":{"start":{"line":97,"column":4},"end":{"line":97,"column":null}},"18":{"start":{"line":99,"column":2},"end":{"line":101,"column":null}},"19":{"start":{"line":100,"column":4},"end":{"line":100,"column":null}},"20":{"start":{"line":102,"column":2},"end":{"line":102,"column":null}},"21":{"start":{"line":151,"column":2},"end":{"line":151,"column":null}},"22":{"start":{"line":151,"column":39},"end":{"line":151,"column":null}},"23":{"start":{"line":152,"column":12},"end":{"line":152,"column":null}},"24":{"start":{"line":153,"column":2},"end":{"line":155,"column":null}},"25":{"start":{"line":154,"column":4},"end":{"line":154,"column":null}},"26":{"start":{"line":156,"column":2},"end":{"line":156,"column":null}},"27":{"start":{"line":163,"column":30},"end":{"line":163,"column":null}},"28":{"start":{"line":164,"column":29},"end":{"line":164,"column":null}},"29":{"start":{"line":165,"column":29},"end":{"line":165,"column":null}},"30":{"start":{"line":166,"column":29},"end":{"line":166,"column":null}},"31":{"start":{"line":167,"column":35},"end":{"line":167,"column":null}},"32":{"start":{"line":168,"column":32},"end":{"line":168,"column":null}},"33":{"start":{"line":169,"column":29},"end":{"line":169,"column":null}},"34":{"start":{"line":170,"column":29},"end":{"line":170,"column":null}},"35":{"start":{"line":171,"column":32},"end":{"line":171,"column":null}},"36":{"start":{"line":182,"column":2},"end":{"line":185,"column":null}},"37":{"start":{"line":197,"column":2},"end":{"line":202,"column":null}},"38":{"start":{"line":214,"column":2},"end":{"line":218,"column":null}},"39":{"start":{"line":230,"column":2},"end":{"line":233,"column":null}}},"fnMap":{"0":{"name":"applyDefaults","decl":{"start":{"line":28,"column":9},"end":{"line":28,"column":31}},"loc":{"start":{"line":28,"column":31},"end":{"line":34,"column":null}},"line":28},"1":{"name":"configureEnv","decl":{"start":{"line":62,"column":16},"end":{"line":62,"column":null}},"loc":{"start":{"line":65,"column":8},"end":{"line":85,"column":null}},"line":65},"2":{"name":"expandTilde","decl":{"start":{"line":95,"column":16},"end":{"line":95,"column":28}},"loc":{"start":{"line":95,"column":50},"end":{"line":103,"column":null}},"line":95},"3":{"name":"parsePort","decl":{"start":{"line":150,"column":16},"end":{"line":150,"column":26}},"loc":{"start":{"line":150,"column":79},"end":{"line":157,"column":null}},"line":150},"4":{"name":"getKnowledgeConfig","decl":{"start":{"line":181,"column":16},"end":{"line":181,"column":54}},"loc":{"start":{"line":181,"column":54},"end":{"line":186,"column":null}},"line":181},"5":{"name":"getSearxngConfig","decl":{"start":{"line":196,"column":16},"end":{"line":196,"column":50}},"loc":{"start":{"line":196,"column":50},"end":{"line":203,"column":null}},"line":196},"6":{"name":"getObscuraConfig","decl":{"start":{"line":213,"column":16},"end":{"line":213,"column":50}},"loc":{"start":{"line":213,"column":50},"end":{"line":219,"column":null}},"line":213},"7":{"name":"getApiKeys","decl":{"start":{"line":229,"column":16},"end":{"line":229,"column":44}},"loc":{"start":{"line":229,"column":44},"end":{"line":234,"column":null}},"line":229}},"branchMap":{"0":{"loc":{"start":{"line":30,"column":4},"end":{"line":32,"column":null}},"type":"if","locations":[{"start":{"line":30,"column":4},"end":{"line":32,"column":null}},{"start":{},"end":{}}],"line":30},"1":{"loc":{"start":{"line":66,"column":2},"end":{"line":66,"column":null}},"type":"if","locations":[{"start":{"line":66,"column":2},"end":{"line":66,"column":null}},{"start":{},"end":{}}],"line":66},"2":{"loc":{"start":{"line":70,"column":20},"end":{"line":70,"column":null}},"type":"binary-expr","locations":[{"start":{"line":70,"column":20},"end":{"line":70,"column":46}},{"start":{"line":70,"column":29},"end":{"line":70,"column":null}}],"line":70},"3":{"loc":{"start":{"line":71,"column":2},"end":{"line":73,"column":null}},"type":"if","locations":[{"start":{"line":71,"column":2},"end":{"line":73,"column":null}},{"start":{},"end":{}}],"line":71},"4":{"loc":{"start":{"line":76,"column":2},"end":{"line":81,"column":null}},"type":"if","locations":[{"start":{"line":76,"column":2},"end":{"line":81,"column":null}},{"start":{},"end":{}}],"line":76},"5":{"loc":{"start":{"line":77,"column":23},"end":{"line":77,"column":null}},"type":"binary-expr","locations":[{"start":{"line":77,"column":23},"end":{"line":77,"column":50}},{"start":{"line":77,"column":32},"end":{"line":77,"column":null}}],"line":77},"6":{"loc":{"start":{"line":78,"column":4},"end":{"line":80,"column":null}},"type":"if","locations":[{"start":{"line":78,"column":4},"end":{"line":80,"column":null}},{"start":{},"end":{}}],"line":78},"7":{"loc":{"start":{"line":96,"column":2},"end":{"line":98,"column":null}},"type":"if","locations":[{"start":{"line":96,"column":2},"end":{"line":98,"column":null}},{"start":{},"end":{}}],"line":96},"8":{"loc":{"start":{"line":99,"column":2},"end":{"line":101,"column":null}},"type":"if","locations":[{"start":{"line":99,"column":2},"end":{"line":101,"column":null}},{"start":{},"end":{}}],"line":99},"9":{"loc":{"start":{"line":151,"column":2},"end":{"line":151,"column":null}},"type":"if","locations":[{"start":{"line":151,"column":2},"end":{"line":151,"column":null}},{"start":{},"end":{}}],"line":151},"10":{"loc":{"start":{"line":151,"column":6},"end":{"line":151,"column":39}},"type":"binary-expr","locations":[{"start":{"line":151,"column":6},"end":{"line":151,"column":27}},{"start":{"line":151,"column":27},"end":{"line":151,"column":39}}],"line":151},"11":{"loc":{"start":{"line":153,"column":2},"end":{"line":155,"column":null}},"type":"if","locations":[{"start":{"line":153,"column":2},"end":{"line":155,"column":null}},{"start":{},"end":{}}],"line":153},"12":{"loc":{"start":{"line":153,"column":6},"end":{"line":153,"column":69}},"type":"binary-expr","locations":[{"start":{"line":153,"column":6},"end":{"line":153,"column":25}},{"start":{"line":153,"column":25},"end":{"line":153,"column":49}},{"start":{"line":153,"column":49},"end":{"line":153,"column":58}},{"start":{"line":153,"column":58},"end":{"line":153,"column":69}}],"line":153},"13":{"loc":{"start":{"line":183,"column":21},"end":{"line":183,"column":71}},"type":"binary-expr","locations":[{"start":{"line":183,"column":21},"end":{"line":183,"column":50}},{"start":{"line":183,"column":50},"end":{"line":183,"column":71}}],"line":183},"14":{"loc":{"start":{"line":184,"column":8},"end":{"line":184,"column":null}},"type":"binary-expr","locations":[{"start":{"line":184,"column":8},"end":{"line":184,"column":36}},{"start":{"line":184,"column":36},"end":{"line":184,"column":null}}],"line":184},"15":{"loc":{"start":{"line":199,"column":10},"end":{"line":199,"column":null}},"type":"binary-expr","locations":[{"start":{"line":199,"column":10},"end":{"line":199,"column":38}},{"start":{"line":199,"column":38},"end":{"line":199,"column":null}}],"line":199},"16":{"loc":{"start":{"line":200,"column":15},"end":{"line":200,"column":null}},"type":"binary-expr","locations":[{"start":{"line":200,"column":15},"end":{"line":200,"column":49}},{"start":{"line":200,"column":49},"end":{"line":200,"column":null}}],"line":200},"17":{"loc":{"start":{"line":201,"column":13},"end":{"line":201,"column":null}},"type":"binary-expr","locations":[{"start":{"line":201,"column":13},"end":{"line":201,"column":44}},{"start":{"line":201,"column":44},"end":{"line":201,"column":null}}],"line":201},"18":{"loc":{"start":{"line":216,"column":10},"end":{"line":216,"column":null}},"type":"binary-expr","locations":[{"start":{"line":216,"column":10},"end":{"line":216,"column":38}},{"start":{"line":216,"column":38},"end":{"line":216,"column":null}}],"line":216},"19":{"loc":{"start":{"line":217,"column":13},"end":{"line":217,"column":null}},"type":"binary-expr","locations":[{"start":{"line":217,"column":13},"end":{"line":217,"column":44}},{"start":{"line":217,"column":44},"end":{"line":217,"column":null}}],"line":217},"20":{"loc":{"start":{"line":231,"column":12},"end":{"line":231,"column":null}},"type":"binary-expr","locations":[{"start":{"line":231,"column":12},"end":{"line":231,"column":38}},{"start":{"line":231,"column":38},"end":{"line":231,"column":null}}],"line":231},"21":{"loc":{"start":{"line":232,"column":12},"end":{"line":232,"column":null}},"type":"binary-expr","locations":[{"start":{"line":232,"column":12},"end":{"line":232,"column":40}},{"start":{"line":232,"column":40},"end":{"line":232,"column":null}}],"line":232}},"s":{"0":10,"1":8,"2":8,"3":4,"4":10,"5":9,"6":1,"7":8,"8":8,"9":9,"10":5,"11":8,"12":6,"13":6,"14":1,"15":8,"16":8,"17":4,"18":4,"19":1,"20":3,"21":17,"22":9,"23":8,"24":8,"25":5,"26":3,"27":10,"28":10,"29":10,"30":10,"31":10,"32":10,"33":10,"34":10,"35":10,"36":4,"37":6,"38":4,"39":4},"f":{"0":8,"1":9,"2":8,"3":17,"4":4,"5":6,"6":4,"7":4},"b":{"0":[4,4],"1":[1,8],"2":[8,0],"3":[5,4],"4":[6,2],"5":[6,0],"6":[1,5],"7":[4,4],"8":[1,3],"9":[9,8],"10":[17,9],"11":[5,3],"12":[8,6,6,4],"13":[4,2],"14":[4,3],"15":[6,5],"16":[6,5],"17":[6,5],"18":[4,3],"19":[4,3],"20":[4,2],"21":[4,3]},"meta":{"lastBranch":22,"lastFunction":8,"lastStatement":40,"seen":{"s:23:48:25:Infinity":0,"f:28:9:28:31":0,"s:29:2:33:Infinity":1,"b:30:4:32:Infinity:undefined:undefined:undefined:undefined":0,"s:30:4:32:Infinity":2,"s:31:6:31:Infinity":3,"s:40:17:40:Infinity":4,"f:62:16:62:Infinity":1,"b:66:2:66:Infinity:undefined:undefined:undefined:undefined":1,"s:66:2:66:Infinity":5,"s:66:18:66:Infinity":6,"s:67:2:67:Infinity":7,"s:70:20:70:Infinity":8,"b:70:20:70:46:70:29:70:Infinity":2,"b:71:2:73:Infinity:undefined:undefined:undefined:undefined":3,"s:71:2:73:Infinity":9,"s:72:4:72:Infinity":10,"b:76:2:81:Infinity:undefined:undefined:undefined:undefined":4,"s:76:2:81:Infinity":11,"s:77:23:77:Infinity":12,"b:77:23:77:50:77:32:77:Infinity":5,"b:78:4:80:Infinity:undefined:undefined:undefined:undefined":6,"s:78:4:80:Infinity":13,"s:79:6:79:Infinity":14,"s:84:2:84:Infinity":15,"f:95:16:95:28":2,"b:96:2:98:Infinity:undefined:undefined:undefined:undefined":7,"s:96:2:98:Infinity":16,"s:97:4:97:Infinity":17,"b:99:2:101:Infinity:undefined:undefined:undefined:undefined":8,"s:99:2:101:Infinity":18,"s:100:4:100:Infinity":19,"s:102:2:102:Infinity":20,"f:150:16:150:26":3,"b:151:2:151:Infinity:undefined:undefined:undefined:undefined":9,"s:151:2:151:Infinity":21,"b:151:6:151:27:151:27:151:39":10,"s:151:39:151:Infinity":22,"s:152:12:152:Infinity":23,"b:153:2:155:Infinity:undefined:undefined:undefined:undefined":11,"s:153:2:155:Infinity":24,"b:153:6:153:25:153:25:153:49:153:49:153:58:153:58:153:69":12,"s:154:4:154:Infinity":25,"s:156:2:156:Infinity":26,"s:163:30:163:Infinity":27,"s:164:29:164:Infinity":28,"s:165:29:165:Infinity":29,"s:166:29:166:Infinity":30,"s:167:35:167:Infinity":31,"s:168:32:168:Infinity":32,"s:169:29:169:Infinity":33,"s:170:29:170:Infinity":34,"s:171:32:171:Infinity":35,"f:181:16:181:54":4,"s:182:2:185:Infinity":36,"b:183:21:183:50:183:50:183:71":13,"b:184:8:184:36:184:36:184:Infinity":14,"f:196:16:196:50":5,"s:197:2:202:Infinity":37,"b:199:10:199:38:199:38:199:Infinity":15,"b:200:15:200:49:200:49:200:Infinity":16,"b:201:13:201:44:201:44:201:Infinity":17,"f:213:16:213:50":6,"s:214:2:218:Infinity":38,"b:216:10:216:38:216:38:216:Infinity":18,"b:217:13:217:44:217:44:217:Infinity":19,"f:229:16:229:44":7,"s:230:2:233:Infinity":39,"b:231:12:231:38:231:38:231:Infinity":20,"b:232:12:232:40:232:40:232:Infinity":21}}}
,"/home/lam/git-repo/paradocs/common/slug.ts": {"path":"/home/lam/git-repo/paradocs/common/slug.ts","statementMap":{"0":{"start":{"line":7,"column":2},"end":{"line":10,"column":null}}},"fnMap":{"0":{"name":"slugify","decl":{"start":{"line":6,"column":16},"end":{"line":6,"column":24}},"loc":{"start":{"line":6,"column":47},"end":{"line":11,"column":null}},"line":6}},"branchMap":{},"s":{"0":14},"f":{"0":14},"b":{},"meta":{"lastBranch":0,"lastFunction":1,"lastStatement":1,"seen":{"f:6:16:6:24":0,"s:7:2:10:Infinity":0}}}
,"/home/lam/git-repo/paradocs/common/tokenize.ts": {"path":"/home/lam/git-repo/paradocs/common/tokenize.ts","statementMap":{"0":{"start":{"line":10,"column":19},"end":{"line":105,"column":null}},"1":{"start":{"line":112,"column":2},"end":{"line":115,"column":null}},"2":{"start":{"line":115,"column":19},"end":{"line":115,"column":53}},"3":{"start":{"line":138,"column":2},"end":{"line":138,"column":null}},"4":{"start":{"line":138,"column":25},"end":{"line":138,"column":null}},"5":{"start":{"line":139,"column":14},"end":{"line":139,"column":null}},"6":{"start":{"line":140,"column":20},"end":{"line":140,"column":null}},"7":{"start":{"line":141,"column":22},"end":{"line":141,"column":null}},"8":{"start":{"line":142,"column":2},"end":{"line":142,"column":null}}},"fnMap":{"0":{"name":"tokenize","decl":{"start":{"line":111,"column":16},"end":{"line":111,"column":25}},"loc":{"start":{"line":111,"column":49},"end":{"line":116,"column":null}},"line":111},"1":{"name":"(anonymous_1)","decl":{"start":{"line":115,"column":5},"end":{"line":115,"column":13}},"loc":{"start":{"line":115,"column":19},"end":{"line":115,"column":53}},"line":115},"2":{"name":"bm25TermScore","decl":{"start":{"line":129,"column":16},"end":{"line":129,"column":null}},"loc":{"start":{"line":137,"column":10},"end":{"line":143,"column":null}},"line":137}},"branchMap":{"0":{"loc":{"start":{"line":115,"column":19},"end":{"line":115,"column":53}},"type":"binary-expr","locations":[{"start":{"line":115,"column":19},"end":{"line":115,"column":35}},{"start":{"line":115,"column":35},"end":{"line":115,"column":53}}],"line":115},"1":{"loc":{"start":{"line":135,"column":2},"end":{"line":135,"column":null}},"type":"default-arg","locations":[{"start":{"line":135,"column":15},"end":{"line":135,"column":null}}],"line":135},"2":{"loc":{"start":{"line":136,"column":2},"end":{"line":136,"column":null}},"type":"default-arg","locations":[{"start":{"line":136,"column":14},"end":{"line":136,"column":null}}],"line":136},"3":{"loc":{"start":{"line":138,"column":2},"end":{"line":138,"column":null}},"type":"if","locations":[{"start":{"line":138,"column":2},"end":{"line":138,"column":null}},{"start":{},"end":{}}],"line":138},"4":{"loc":{"start":{"line":138,"column":6},"end":{"line":138,"column":25}},"type":"binary-expr","locations":[{"start":{"line":138,"column":6},"end":{"line":138,"column":17}},{"start":{"line":138,"column":17},"end":{"line":138,"column":25}}],"line":138}},"s":{"0":1,"1":6,"2":21,"3":9,"4":2,"5":7,"6":7,"7":7,"8":7},"f":{"0":6,"1":21,"2":9},"b":{"0":[21,17],"1":[9],"2":[9],"3":[2,7],"4":[9,8]},"meta":{"lastBranch":5,"lastFunction":3,"lastStatement":9,"seen":{"s:10:19:105:Infinity":0,"f:111:16:111:25":0,"s:112:2:115:Infinity":1,"f:115:5:115:13":1,"s:115:19:115:53":2,"b:115:19:115:35:115:35:115:53":0,"f:129:16:129:Infinity":2,"b:135:15:135:Infinity":1,"b:136:14:136:Infinity":2,"b:138:2:138:Infinity:undefined:undefined:undefined:undefined":3,"s:138:2:138:Infinity":3,"b:138:6:138:17:138:17:138:25":4,"s:138:25:138:Infinity":4,"s:139:14:139:Infinity":5,"s:140:20:140:Infinity":6,"s:141:22:141:Infinity":7,"s:142:2:142:Infinity":8}}}
,"/home/lam/git-repo/paradocs/common/yaml.ts": {"path":"/home/lam/git-repo/paradocs/common/yaml.ts","statementMap":{"0":{"start":{"line":14,"column":20},"end":{"line":14,"column":null}},"1":{"start":{"line":26,"column":2},"end":{"line":26,"column":null}},"2":{"start":{"line":26,"column":26},"end":{"line":26,"column":null}},"3":{"start":{"line":27,"column":2},"end":{"line":27,"column":null}},"4":{"start":{"line":27,"column":47},"end":{"line":27,"column":null}},"5":{"start":{"line":28,"column":2},"end":{"line":28,"column":null}},"6":{"start":{"line":28,"column":44},"end":{"line":28,"column":null}},"7":{"start":{"line":29,"column":2},"end":{"line":29,"column":null}},"8":{"start":{"line":29,"column":68},"end":{"line":29,"column":null}},"9":{"start":{"line":30,"column":2},"end":{"line":30,"column":null}},"10":{"start":{"line":30,"column":35},"end":{"line":30,"column":null}},"11":{"start":{"line":31,"column":2},"end":{"line":31,"column":null}},"12":{"start":{"line":43,"column":2},"end":{"line":43,"column":null}},"13":{"start":{"line":43,"column":32},"end":{"line":43,"column":null}},"14":{"start":{"line":45,"column":2},"end":{"line":48,"column":null}},"15":{"start":{"line":46,"column":20},"end":{"line":46,"column":null}},"16":{"start":{"line":47,"column":4},"end":{"line":47,"column":null}},"17":{"start":{"line":50,"column":2},"end":{"line":50,"column":null}},"18":{"start":{"line":62,"column":12},"end":{"line":62,"column":null}},"19":{"start":{"line":65,"column":2},"end":{"line":67,"column":null}},"20":{"start":{"line":65,"column":58},"end":{"line":65,"column":null}},"21":{"start":{"line":66,"column":7},"end":{"line":67,"column":null}},"22":{"start":{"line":67,"column":4},"end":{"line":67,"column":null}},"23":{"start":{"line":69,"column":2},"end":{"line":82,"column":null}},"24":{"start":{"line":70,"column":4},"end":{"line":81,"column":null}},"25":{"start":{"line":71,"column":16},"end":{"line":71,"column":null}},"26":{"start":{"line":72,"column":6},"end":{"line":75,"column":null}},"27":{"start":{"line":73,"column":8},"end":{"line":73,"column":null}},"28":{"start":{"line":74,"column":8},"end":{"line":74,"column":null}},"29":{"start":{"line":74,"column":27},"end":{"line":74,"column":null}},"30":{"start":{"line":76,"column":11},"end":{"line":81,"column":null}},"31":{"start":{"line":77,"column":6},"end":{"line":77,"column":null}},"32":{"start":{"line":77,"column":21},"end":{"line":77,"column":null}},"33":{"start":{"line":79,"column":16},"end":{"line":79,"column":null}},"34":{"start":{"line":80,"column":6},"end":{"line":80,"column":null}},"35":{"start":{"line":80,"column":38},"end":{"line":80,"column":null}},"36":{"start":{"line":84,"column":2},"end":{"line":84,"column":null}}},"fnMap":{"0":{"name":"needsYamlQuoting","decl":{"start":{"line":25,"column":9},"end":{"line":25,"column":26}},"loc":{"start":{"line":25,"column":50},"end":{"line":32,"column":null}},"line":25},"1":{"name":"yamlQuote","decl":{"start":{"line":42,"column":16},"end":{"line":42,"column":26}},"loc":{"start":{"line":42,"column":49},"end":{"line":51,"column":null}},"line":42},"2":{"name":"formatFrontmatter","decl":{"start":{"line":61,"column":16},"end":{"line":61,"column":34}},"loc":{"start":{"line":61,"column":75},"end":{"line":85,"column":null}},"line":61}},"branchMap":{"0":{"loc":{"start":{"line":26,"column":2},"end":{"line":26,"column":null}},"type":"if","locations":[{"start":{"line":26,"column":2},"end":{"line":26,"column":null}},{"start":{},"end":{}}],"line":26},"1":{"loc":{"start":{"line":27,"column":2},"end":{"line":27,"column":null}},"type":"if","locations":[{"start":{"line":27,"column":2},"end":{"line":27,"column":null}},{"start":{},"end":{}}],"line":27},"2":{"loc":{"start":{"line":28,"column":2},"end":{"line":28,"column":null}},"type":"if","locations":[{"start":{"line":28,"column":2},"end":{"line":28,"column":null}},{"start":{},"end":{}}],"line":28},"3":{"loc":{"start":{"line":28,"column":6},"end":{"line":28,"column":44}},"type":"binary-expr","locations":[{"start":{"line":28,"column":6},"end":{"line":28,"column":26}},{"start":{"line":28,"column":26},"end":{"line":28,"column":44}}],"line":28},"4":{"loc":{"start":{"line":29,"column":2},"end":{"line":29,"column":null}},"type":"if","locations":[{"start":{"line":29,"column":2},"end":{"line":29,"column":null}},{"start":{},"end":{}}],"line":29},"5":{"loc":{"start":{"line":30,"column":2},"end":{"line":30,"column":null}},"type":"if","locations":[{"start":{"line":30,"column":2},"end":{"line":30,"column":null}},{"start":{},"end":{}}],"line":30},"6":{"loc":{"start":{"line":43,"column":2},"end":{"line":43,"column":null}},"type":"if","locations":[{"start":{"line":43,"column":2},"end":{"line":43,"column":null}},{"start":{},"end":{}}],"line":43},"7":{"loc":{"start":{"line":45,"column":2},"end":{"line":48,"column":null}},"type":"if","locations":[{"start":{"line":45,"column":2},"end":{"line":48,"column":null}},{"start":{},"end":{}}],"line":45},"8":{"loc":{"start":{"line":65,"column":2},"end":{"line":67,"column":null}},"type":"if","locations":[{"start":{"line":65,"column":2},"end":{"line":67,"column":null}},{"start":{"line":66,"column":7},"end":{"line":67,"column":null}}],"line":65},"9":{"loc":{"start":{"line":65,"column":6},"end":{"line":65,"column":58}},"type":"binary-expr","locations":[{"start":{"line":65,"column":6},"end":{"line":65,"column":43}},{"start":{"line":65,"column":43},"end":{"line":65,"column":58}}],"line":65},"10":{"loc":{"start":{"line":66,"column":7},"end":{"line":67,"column":null}},"type":"if","locations":[{"start":{"line":66,"column":7},"end":{"line":67,"column":null}},{"start":{},"end":{}}],"line":66},"11":{"loc":{"start":{"line":66,"column":11},"end":{"line":66,"column":null}},"type":"binary-expr","locations":[{"start":{"line":66,"column":11},"end":{"line":66,"column":52}},{"start":{"line":66,"column":52},"end":{"line":66,"column":null}}],"line":66},"12":{"loc":{"start":{"line":70,"column":4},"end":{"line":81,"column":null}},"type":"if","locations":[{"start":{"line":70,"column":4},"end":{"line":81,"column":null}},{"start":{"line":76,"column":11},"end":{"line":81,"column":null}}],"line":70},"13":{"loc":{"start":{"line":72,"column":6},"end":{"line":75,"column":null}},"type":"if","locations":[{"start":{"line":72,"column":6},"end":{"line":75,"column":null}},{"start":{},"end":{}}],"line":72},"14":{"loc":{"start":{"line":72,"column":10},"end":{"line":72,"column":44}},"type":"binary-expr","locations":[{"start":{"line":72,"column":10},"end":{"line":72,"column":30}},{"start":{"line":72,"column":30},"end":{"line":72,"column":44}}],"line":72},"15":{"loc":{"start":{"line":76,"column":11},"end":{"line":81,"column":null}},"type":"if","locations":[{"start":{"line":76,"column":11},"end":{"line":81,"column":null}},{"start":{"line":78,"column":11},"end":{"line":81,"column":null}}],"line":76},"16":{"loc":{"start":{"line":77,"column":6},"end":{"line":77,"column":null}},"type":"if","locations":[{"start":{"line":77,"column":6},"end":{"line":77,"column":null}},{"start":{},"end":{}}],"line":77},"17":{"loc":{"start":{"line":80,"column":6},"end":{"line":80,"column":null}},"type":"if","locations":[{"start":{"line":80,"column":6},"end":{"line":80,"column":null}},{"start":{},"end":{}}],"line":80},"18":{"loc":{"start":{"line":80,"column":10},"end":{"line":80,"column":38}},"type":"binary-expr","locations":[{"start":{"line":80,"column":10},"end":{"line":80,"column":35}},{"start":{"line":80,"column":35},"end":{"line":80,"column":38}}],"line":80}},"s":{"0":1,"1":36,"2":1,"3":35,"4":5,"5":30,"6":3,"7":27,"8":5,"9":22,"10":2,"11":20,"12":36,"13":20,"14":16,"15":2,"16":2,"17":14,"18":7,"19":7,"20":3,"21":4,"22":1,"23":7,"24":49,"25":7,"26":7,"27":2,"28":2,"29":3,"30":42,"31":7,"32":4,"33":35,"34":35,"35":14,"36":7},"f":{"0":36,"1":36,"2":7},"b":{"0":[1,35],"1":[5,30],"2":[3,27],"3":[30,28],"4":[5,22],"5":[2,20],"6":[20,16],"7":[2,14],"8":[3,4],"9":[7,3],"10":[1,3],"11":[4,1],"12":[7,42],"13":[2,5],"14":[7,3],"15":[7,35],"16":[4,3],"17":[14,21],"18":[35,14]},"meta":{"lastBranch":19,"lastFunction":3,"lastStatement":37,"seen":{"s:14:20:14:Infinity":0,"f:25:9:25:26":0,"b:26:2:26:Infinity:undefined:undefined:undefined:undefined":0,"s:26:2:26:Infinity":1,"s:26:26:26:Infinity":2,"b:27:2:27:Infinity:undefined:undefined:undefined:undefined":1,"s:27:2:27:Infinity":3,"s:27:47:27:Infinity":4,"b:28:2:28:Infinity:undefined:undefined:undefined:undefined":2,"s:28:2:28:Infinity":5,"b:28:6:28:26:28:26:28:44":3,"s:28:44:28:Infinity":6,"b:29:2:29:Infinity:undefined:undefined:undefined:undefined":4,"s:29:2:29:Infinity":7,"s:29:68:29:Infinity":8,"b:30:2:30:Infinity:undefined:undefined:undefined:undefined":5,"s:30:2:30:Infinity":9,"s:30:35:30:Infinity":10,"s:31:2:31:Infinity":11,"f:42:16:42:26":1,"b:43:2:43:Infinity:undefined:undefined:undefined:undefined":6,"s:43:2:43:Infinity":12,"s:43:32:43:Infinity":13,"b:45:2:48:Infinity:undefined:undefined:undefined:undefined":7,"s:45:2:48:Infinity":14,"s:46:20:46:Infinity":15,"s:47:4:47:Infinity":16,"s:50:2:50:Infinity":17,"f:61:16:61:34":2,"s:62:12:62:Infinity":18,"b:65:2:67:Infinity:66:7:67:Infinity":8,"s:65:2:67:Infinity":19,"b:65:6:65:43:65:43:65:58":9,"s:65:58:65:Infinity":20,"b:66:7:67:Infinity:undefined:undefined:undefined:undefined":10,"s:66:7:67:Infinity":21,"b:66:11:66:52:66:52:66:Infinity":11,"s:67:4:67:Infinity":22,"s:69:2:82:Infinity":23,"b:70:4:81:Infinity:76:11:81:Infinity":12,"s:70:4:81:Infinity":24,"s:71:16:71:Infinity":25,"b:72:6:75:Infinity:undefined:undefined:undefined:undefined":13,"s:72:6:75:Infinity":26,"b:72:10:72:30:72:30:72:44":14,"s:73:8:73:Infinity":27,"s:74:8:74:Infinity":28,"s:74:27:74:Infinity":29,"b:76:11:81:Infinity:78:11:81:Infinity":15,"s:76:11:81:Infinity":30,"b:77:6:77:Infinity:undefined:undefined:undefined:undefined":16,"s:77:6:77:Infinity":31,"s:77:21:77:Infinity":32,"s:79:16:79:Infinity":33,"b:80:6:80:Infinity:undefined:undefined:undefined:undefined":17,"s:80:6:80:Infinity":34,"b:80:10:80:35:80:35:80:38":18,"s:80:38:80:Infinity":35,"s:84:2:84:Infinity":36}}}
,"/home/lam/git-repo/paradocs/extensions/skill-gate.ts": {"path":"/home/lam/git-repo/paradocs/extensions/skill-gate.ts","statementMap":{"0":{"start":{"line":7,"column":22},"end":{"line":7,"column":null}},"1":{"start":{"line":20,"column":22},"end":{"line":20,"column":null}},"2":{"start":{"line":21,"column":28},"end":{"line":21,"column":null}},"3":{"start":{"line":24,"column":2},"end":{"line":28,"column":null}},"4":{"start":{"line":32,"column":2},"end":{"line":35,"column":null}},"5":{"start":{"line":41,"column":2},"end":{"line":41,"column":null}},"6":{"start":{"line":41,"column":13},"end":{"line":41,"column":null}},"7":{"start":{"line":42,"column":2},"end":{"line":42,"column":null}},"8":{"start":{"line":42,"column":36},"end":{"line":42,"column":49}},"9":{"start":{"line":50,"column":2},"end":{"line":53,"column":null}},"10":{"start":{"line":51,"column":4},"end":{"line":51,"column":null}},"11":{"start":{"line":52,"column":4},"end":{"line":52,"column":null}},"12":{"start":{"line":55,"column":2},"end":{"line":57,"column":null}},"13":{"start":{"line":56,"column":4},"end":{"line":56,"column":null}},"14":{"start":{"line":61,"column":2},"end":{"line":68,"column":null}},"15":{"start":{"line":65,"column":6},"end":{"line":65,"column":null}},"16":{"start":{"line":66,"column":6},"end":{"line":66,"column":null}},"17":{"start":{"line":72,"column":2},"end":{"line":76,"column":null}},"18":{"start":{"line":73,"column":4},"end":{"line":75,"column":null}},"19":{"start":{"line":74,"column":6},"end":{"line":74,"column":null}},"20":{"start":{"line":78,"column":2},"end":{"line":100,"column":null}},"21":{"start":{"line":79,"column":4},"end":{"line":79,"column":null}},"22":{"start":{"line":79,"column":67},"end":{"line":79,"column":null}},"23":{"start":{"line":80,"column":4},"end":{"line":99,"column":null}},"24":{"start":{"line":82,"column":8},"end":{"line":83,"column":null}},"25":{"start":{"line":82,"column":71},"end":{"line":82,"column":88}},"26":{"start":{"line":84,"column":22},"end":{"line":84,"column":null}},"27":{"start":{"line":85,"column":6},"end":{"line":85,"column":null}},"28":{"start":{"line":89,"column":21},"end":{"line":89,"column":null}},"29":{"start":{"line":91,"column":6},"end":{"line":96,"column":null}},"30":{"start":{"line":92,"column":21},"end":{"line":92,"column":null}},"31":{"start":{"line":93,"column":8},"end":{"line":95,"column":null}},"32":{"start":{"line":94,"column":10},"end":{"line":94,"column":null}},"33":{"start":{"line":98,"column":6},"end":{"line":98,"column":null}},"34":{"start":{"line":104,"column":2},"end":{"line":110,"column":null}},"35":{"start":{"line":105,"column":4},"end":{"line":105,"column":null}},"36":{"start":{"line":105,"column":26},"end":{"line":105,"column":null}},"37":{"start":{"line":106,"column":4},"end":{"line":106,"column":null}},"38":{"start":{"line":106,"column":45},"end":{"line":106,"column":null}},"39":{"start":{"line":107,"column":4},"end":{"line":109,"column":null}},"40":{"start":{"line":108,"column":6},"end":{"line":108,"column":null}},"41":{"start":{"line":114,"column":2},"end":{"line":149,"column":null}},"42":{"start":{"line":115,"column":4},"end":{"line":115,"column":null}},"43":{"start":{"line":115,"column":46},"end":{"line":115,"column":null}},"44":{"start":{"line":119,"column":4},"end":{"line":124,"column":null}},"45":{"start":{"line":123,"column":6},"end":{"line":123,"column":null}},"46":{"start":{"line":128,"column":4},"end":{"line":132,"column":null}},"47":{"start":{"line":129,"column":6},"end":{"line":131,"column":null}},"48":{"start":{"line":130,"column":8},"end":{"line":130,"column":null}},"49":{"start":{"line":136,"column":4},"end":{"line":140,"column":null}},"50":{"start":{"line":137,"column":6},"end":{"line":139,"column":null}},"51":{"start":{"line":138,"column":8},"end":{"line":138,"column":null}},"52":{"start":{"line":144,"column":4},"end":{"line":148,"column":null}},"53":{"start":{"line":145,"column":6},"end":{"line":147,"column":null}},"54":{"start":{"line":146,"column":8},"end":{"line":146,"column":null}},"55":{"start":{"line":153,"column":2},"end":{"line":156,"column":null}},"56":{"start":{"line":154,"column":4},"end":{"line":154,"column":null}},"57":{"start":{"line":155,"column":4},"end":{"line":155,"column":null}},"58":{"start":{"line":163,"column":2},"end":{"line":166,"column":null}},"59":{"start":{"line":164,"column":4},"end":{"line":164,"column":null}},"60":{"start":{"line":165,"column":4},"end":{"line":165,"column":null}},"61":{"start":{"line":169,"column":2},"end":{"line":171,"column":null}},"62":{"start":{"line":170,"column":4},"end":{"line":170,"column":null}},"63":{"start":{"line":174,"column":2},"end":{"line":177,"column":null}},"64":{"start":{"line":175,"column":4},"end":{"line":175,"column":null}},"65":{"start":{"line":176,"column":4},"end":{"line":176,"column":null}},"66":{"start":{"line":180,"column":2},"end":{"line":183,"column":null}},"67":{"start":{"line":181,"column":4},"end":{"line":181,"column":null}},"68":{"start":{"line":182,"column":4},"end":{"line":182,"column":null}},"69":{"start":{"line":189,"column":2},"end":{"line":189,"column":null}},"70":{"start":{"line":189,"column":18},"end":{"line":189,"column":null}},"71":{"start":{"line":191,"column":2},"end":{"line":195,"column":null}},"72":{"start":{"line":192,"column":4},"end":{"line":192,"column":null}}},"fnMap":{"0":{"name":"freshTurn","decl":{"start":{"line":23,"column":9},"end":{"line":23,"column":32}},"loc":{"start":{"line":23,"column":32},"end":{"line":29,"column":null}},"line":23},"1":{"name":"freshSession","decl":{"start":{"line":31,"column":9},"end":{"line":31,"column":38}},"loc":{"start":{"line":31,"column":38},"end":{"line":36,"column":null}},"line":31},"2":{"name":"isParaPath","decl":{"start":{"line":40,"column":9},"end":{"line":40,"column":20}},"loc":{"start":{"line":40,"column":55},"end":{"line":43,"column":null}},"line":40},"3":{"name":"(anonymous_3)","decl":{"start":{"line":42,"column":23},"end":{"line":42,"column":29}},"loc":{"start":{"line":42,"column":36},"end":{"line":42,"column":49}},"line":42},"4":{"name":"(anonymous_4)","decl":{"start":{"line":47,"column":15},"end":{"line":47,"column":25}},"loc":{"start":{"line":47,"column":43},"end":{"line":157,"column":null}},"line":47},"5":{"name":"(anonymous_5)","decl":{"start":{"line":50,"column":8},"end":{"line":50,"column":31}},"loc":{"start":{"line":50,"column":31},"end":{"line":53,"column":3}},"line":50},"6":{"name":"(anonymous_6)","decl":{"start":{"line":55,"column":8},"end":{"line":55,"column":28}},"loc":{"start":{"line":55,"column":28},"end":{"line":57,"column":3}},"line":55},"7":{"name":"(anonymous_7)","decl":{"start":{"line":64,"column":13},"end":{"line":64,"column":20}},"loc":{"start":{"line":64,"column":35},"end":{"line":67,"column":null}},"line":64},"8":{"name":"(anonymous_8)","decl":{"start":{"line":72,"column":8},"end":{"line":72,"column":33}},"loc":{"start":{"line":72,"column":43},"end":{"line":76,"column":3}},"line":72},"9":{"name":"(anonymous_9)","decl":{"start":{"line":78,"column":8},"end":{"line":78,"column":24}},"loc":{"start":{"line":78,"column":34},"end":{"line":100,"column":3}},"line":78},"10":{"name":"(anonymous_10)","decl":{"start":{"line":82,"column":22},"end":{"line":82,"column":28}},"loc":{"start":{"line":82,"column":71},"end":{"line":82,"column":88}},"line":82},"11":{"name":"(anonymous_11)","decl":{"start":{"line":104,"column":8},"end":{"line":104,"column":22}},"loc":{"start":{"line":104,"column":32},"end":{"line":110,"column":3}},"line":104},"12":{"name":"(anonymous_12)","decl":{"start":{"line":114,"column":8},"end":{"line":114,"column":22}},"loc":{"start":{"line":114,"column":37},"end":{"line":149,"column":3}},"line":114},"13":{"name":"(anonymous_13)","decl":{"start":{"line":153,"column":13},"end":{"line":153,"column":36}},"loc":{"start":{"line":153,"column":47},"end":{"line":156,"column":3}},"line":153},"14":{"name":"gateCreate","decl":{"start":{"line":161,"column":9},"end":{"line":161,"column":20}},"loc":{"start":{"line":161,"column":49},"end":{"line":184,"column":null}},"line":161},"15":{"name":"warnGate","decl":{"start":{"line":188,"column":9},"end":{"line":188,"column":18}},"loc":{"start":{"line":188,"column":64},"end":{"line":196,"column":null}},"line":188}},"branchMap":{"0":{"loc":{"start":{"line":41,"column":2},"end":{"line":41,"column":null}},"type":"if","locations":[{"start":{"line":41,"column":2},"end":{"line":41,"column":null}},{"start":{},"end":{}}],"line":41},"1":{"loc":{"start":{"line":73,"column":4},"end":{"line":75,"column":null}},"type":"if","locations":[{"start":{"line":73,"column":4},"end":{"line":75,"column":null}},{"start":{},"end":{}}],"line":73},"2":{"loc":{"start":{"line":79,"column":4},"end":{"line":79,"column":null}},"type":"if","locations":[{"start":{"line":79,"column":4},"end":{"line":79,"column":null}},{"start":{},"end":{}}],"line":79},"3":{"loc":{"start":{"line":79,"column":8},"end":{"line":79,"column":67}},"type":"binary-expr","locations":[{"start":{"line":79,"column":8},"end":{"line":79,"column":28}},{"start":{"line":79,"column":28},"end":{"line":79,"column":67}}],"line":79},"4":{"loc":{"start":{"line":82,"column":8},"end":{"line":83,"column":null}},"type":"binary-expr","locations":[{"start":{"line":82,"column":8},"end":{"line":82,"column":null}},{"start":{"line":83,"column":8},"end":{"line":83,"column":null}}],"line":82},"5":{"loc":{"start":{"line":85,"column":31},"end":{"line":85,"column":null}},"type":"cond-expr","locations":[{"start":{"line":85,"column":41},"end":{"line":85,"column":58}},{"start":{"line":85,"column":58},"end":{"line":85,"column":null}}],"line":85},"6":{"loc":{"start":{"line":93,"column":8},"end":{"line":95,"column":null}},"type":"if","locations":[{"start":{"line":93,"column":8},"end":{"line":95,"column":null}},{"start":{},"end":{}}],"line":93},"7":{"loc":{"start":{"line":105,"column":4},"end":{"line":105,"column":null}},"type":"if","locations":[{"start":{"line":105,"column":4},"end":{"line":105,"column":null}},{"start":{},"end":{}}],"line":105},"8":{"loc":{"start":{"line":106,"column":4},"end":{"line":106,"column":null}},"type":"if","locations":[{"start":{"line":106,"column":4},"end":{"line":106,"column":null}},{"start":{},"end":{}}],"line":106},"9":{"loc":{"start":{"line":107,"column":4},"end":{"line":109,"column":null}},"type":"if","locations":[{"start":{"line":107,"column":4},"end":{"line":109,"column":null}},{"start":{},"end":{}}],"line":107},"10":{"loc":{"start":{"line":115,"column":4},"end":{"line":115,"column":null}},"type":"if","locations":[{"start":{"line":115,"column":4},"end":{"line":115,"column":null}},{"start":{},"end":{}}],"line":115},"11":{"loc":{"start":{"line":115,"column":8},"end":{"line":115,"column":46}},"type":"binary-expr","locations":[{"start":{"line":115,"column":8},"end":{"line":115,"column":28}},{"start":{"line":115,"column":28},"end":{"line":115,"column":46}}],"line":115},"12":{"loc":{"start":{"line":119,"column":4},"end":{"line":124,"column":null}},"type":"if","locations":[{"start":{"line":119,"column":4},"end":{"line":124,"column":null}},{"start":{},"end":{}}],"line":119},"13":{"loc":{"start":{"line":119,"column":4},"end":{"line":121,"column":null}},"type":"binary-expr","locations":[{"start":{"line":119,"column":4},"end":{"line":120,"column":null}},{"start":{"line":120,"column":50},"end":{"line":121,"column":null}}],"line":119},"14":{"loc":{"start":{"line":128,"column":4},"end":{"line":132,"column":null}},"type":"if","locations":[{"start":{"line":128,"column":4},"end":{"line":132,"column":null}},{"start":{},"end":{}}],"line":128},"15":{"loc":{"start":{"line":128,"column":4},"end":{"line":128,"column":77}},"type":"binary-expr","locations":[{"start":{"line":128,"column":4},"end":{"line":128,"column":47}},{"start":{"line":128,"column":47},"end":{"line":128,"column":77}}],"line":128},"16":{"loc":{"start":{"line":129,"column":6},"end":{"line":131,"column":null}},"type":"if","locations":[{"start":{"line":129,"column":6},"end":{"line":131,"column":null}},{"start":{},"end":{}}],"line":129},"17":{"loc":{"start":{"line":136,"column":4},"end":{"line":140,"column":null}},"type":"if","locations":[{"start":{"line":136,"column":4},"end":{"line":140,"column":null}},{"start":{},"end":{}}],"line":136},"18":{"loc":{"start":{"line":136,"column":4},"end":{"line":136,"column":76}},"type":"binary-expr","locations":[{"start":{"line":136,"column":4},"end":{"line":136,"column":46}},{"start":{"line":136,"column":46},"end":{"line":136,"column":76}}],"line":136},"19":{"loc":{"start":{"line":137,"column":6},"end":{"line":139,"column":null}},"type":"if","locations":[{"start":{"line":137,"column":6},"end":{"line":139,"column":null}},{"start":{},"end":{}}],"line":137},"20":{"loc":{"start":{"line":144,"column":4},"end":{"line":148,"column":null}},"type":"if","locations":[{"start":{"line":144,"column":4},"end":{"line":148,"column":null}},{"start":{},"end":{}}],"line":144},"21":{"loc":{"start":{"line":145,"column":6},"end":{"line":147,"column":null}},"type":"if","locations":[{"start":{"line":145,"column":6},"end":{"line":147,"column":null}},{"start":{},"end":{}}],"line":145},"22":{"loc":{"start":{"line":163,"column":2},"end":{"line":166,"column":null}},"type":"if","locations":[{"start":{"line":163,"column":2},"end":{"line":166,"column":null}},{"start":{},"end":{}}],"line":163},"23":{"loc":{"start":{"line":169,"column":2},"end":{"line":171,"column":null}},"type":"if","locations":[{"start":{"line":169,"column":2},"end":{"line":171,"column":null}},{"start":{},"end":{}}],"line":169},"24":{"loc":{"start":{"line":174,"column":2},"end":{"line":177,"column":null}},"type":"if","locations":[{"start":{"line":174,"column":2},"end":{"line":177,"column":null}},{"start":{},"end":{}}],"line":174},"25":{"loc":{"start":{"line":180,"column":2},"end":{"line":183,"column":null}},"type":"if","locations":[{"start":{"line":180,"column":2},"end":{"line":183,"column":null}},{"start":{},"end":{}}],"line":180},"26":{"loc":{"start":{"line":189,"column":2},"end":{"line":189,"column":null}},"type":"if","locations":[{"start":{"line":189,"column":2},"end":{"line":189,"column":null}},{"start":{},"end":{}}],"line":189}},"s":{"0":0,"1":0,"2":0,"3":0,"4":0,"5":0,"6":0,"7":0,"8":0,"9":0,"10":0,"11":0,"12":0,"13":0,"14":0,"15":0,"16":0,"17":0,"18":0,"19":0,"20":0,"21":0,"22":0,"23":0,"24":0,"25":0,"26":0,"27":0,"28":0,"29":0,"30":0,"31":0,"32":0,"33":0,"34":0,"35":0,"36":0,"37":0,"38":0,"39":0,"40":0,"41":0,"42":0,"43":0,"44":0,"45":0,"46":0,"47":0,"48":0,"49":0,"50":0,"51":0,"52":0,"53":0,"54":0,"55":0,"56":0,"57":0,"58":0,"59":0,"60":0,"61":0,"62":0,"63":0,"64":0,"65":0,"66":0,"67":0,"68":0,"69":0,"70":0,"71":0,"72":0},"f":{"0":0,"1":0,"2":0,"3":0,"4":0,"5":0,"6":0,"7":0,"8":0,"9":0,"10":0,"11":0,"12":0,"13":0,"14":0,"15":0},"b":{"0":[0,0],"1":[0,0],"2":[0,0],"3":[0,0],"4":[0,0],"5":[0,0],"6":[0,0],"7":[0,0],"8":[0,0],"9":[0,0],"10":[0,0],"11":[0,0],"12":[0,0],"13":[0,0],"14":[0,0],"15":[0,0],"16":[0,0],"17":[0,0],"18":[0,0],"19":[0,0],"20":[0,0],"21":[0,0],"22":[0,0],"23":[0,0],"24":[0,0],"25":[0,0],"26":[0,0]},"meta":{"lastBranch":27,"lastFunction":16,"lastStatement":73,"seen":{"s:7:22:7:Infinity":0,"s:20:22:20:Infinity":1,"s:21:28:21:Infinity":2,"f:23:9:23:32":0,"s:24:2:28:Infinity":3,"f:31:9:31:38":1,"s:32:2:35:Infinity":4,"f:40:9:40:20":2,"b:41:2:41:Infinity:undefined:undefined:undefined:undefined":0,"s:41:2:41:Infinity":5,"s:41:13:41:Infinity":6,"s:42:2:42:Infinity":7,"f:42:23:42:29":3,"s:42:36:42:49":8,"f:47:15:47:25":4,"s:50:2:53:Infinity":9,"f:50:8:50:31":5,"s:51:4:51:Infinity":10,"s:52:4:52:Infinity":11,"s:55:2:57:Infinity":12,"f:55:8:55:28":6,"s:56:4:56:Infinity":13,"s:61:2:68:Infinity":14,"f:64:13:64:20":7,"s:65:6:65:Infinity":15,"s:66:6:66:Infinity":16,"s:72:2:76:Infinity":17,"f:72:8:72:33":8,"b:73:4:75:Infinity:undefined:undefined:undefined:undefined":1,"s:73:4:75:Infinity":18,"s:74:6:74:Infinity":19,"s:78:2:100:Infinity":20,"f:78:8:78:24":9,"b:79:4:79:Infinity:undefined:undefined:undefined:undefined":2,"s:79:4:79:Infinity":21,"b:79:8:79:28:79:28:79:67":3,"s:79:67:79:Infinity":22,"s:80:4:99:Infinity":23,"s:82:8:83:Infinity":24,"b:82:8:82:Infinity:83:8:83:Infinity":4,"f:82:22:82:28":10,"s:82:71:82:88":25,"s:84:22:84:Infinity":26,"s:85:6:85:Infinity":27,"b:85:41:85:58:85:58:85:Infinity":5,"s:89:21:89:Infinity":28,"s:91:6:96:Infinity":29,"s:92:21:92:Infinity":30,"b:93:8:95:Infinity:undefined:undefined:undefined:undefined":6,"s:93:8:95:Infinity":31,"s:94:10:94:Infinity":32,"s:98:6:98:Infinity":33,"s:104:2:110:Infinity":34,"f:104:8:104:22":11,"b:105:4:105:Infinity:undefined:undefined:undefined:undefined":7,"s:105:4:105:Infinity":35,"s:105:26:105:Infinity":36,"b:106:4:106:Infinity:undefined:undefined:undefined:undefined":8,"s:106:4:106:Infinity":37,"s:106:45:106:Infinity":38,"b:107:4:109:Infinity:undefined:undefined:undefined:undefined":9,"s:107:4:109:Infinity":39,"s:108:6:108:Infinity":40,"s:114:2:149:Infinity":41,"f:114:8:114:22":12,"b:115:4:115:Infinity:undefined:undefined:undefined:undefined":10,"s:115:4:115:Infinity":42,"b:115:8:115:28:115:28:115:46":11,"s:115:46:115:Infinity":43,"b:119:4:124:Infinity:undefined:undefined:undefined:undefined":12,"s:119:4:124:Infinity":44,"b:119:4:120:Infinity:120:50:121:Infinity":13,"s:123:6:123:Infinity":45,"b:128:4:132:Infinity:undefined:undefined:undefined:undefined":14,"s:128:4:132:Infinity":46,"b:128:4:128:47:128:47:128:77":15,"b:129:6:131:Infinity:undefined:undefined:undefined:undefined":16,"s:129:6:131:Infinity":47,"s:130:8:130:Infinity":48,"b:136:4:140:Infinity:undefined:undefined:undefined:undefined":17,"s:136:4:140:Infinity":49,"b:136:4:136:46:136:46:136:76":18,"b:137:6:139:Infinity:undefined:undefined:undefined:undefined":19,"s:137:6:139:Infinity":50,"s:138:8:138:Infinity":51,"b:144:4:148:Infinity:undefined:undefined:undefined:undefined":20,"s:144:4:148:Infinity":52,"b:145:6:147:Infinity:undefined:undefined:undefined:undefined":21,"s:145:6:147:Infinity":53,"s:146:8:146:Infinity":54,"s:153:2:156:Infinity":55,"f:153:13:153:36":13,"s:154:4:154:Infinity":56,"s:155:4:155:Infinity":57,"f:161:9:161:20":14,"b:163:2:166:Infinity:undefined:undefined:undefined:undefined":22,"s:163:2:166:Infinity":58,"s:164:4:164:Infinity":59,"s:165:4:165:Infinity":60,"b:169:2:171:Infinity:undefined:undefined:undefined:undefined":23,"s:169:2:171:Infinity":61,"s:170:4:170:Infinity":62,"b:174:2:177:Infinity:undefined:undefined:undefined:undefined":24,"s:174:2:177:Infinity":63,"s:175:4:175:Infinity":64,"s:176:4:176:Infinity":65,"b:180:2:183:Infinity:undefined:undefined:undefined:undefined":25,"s:180:2:183:Infinity":66,"s:181:4:181:Infinity":67,"s:182:4:182:Infinity":68,"f:188:9:188:18":15,"b:189:2:189:Infinity:undefined:undefined:undefined:undefined":26,"s:189:2:189:Infinity":69,"s:189:18:189:Infinity":70,"s:191:2:195:Infinity":71,"s:192:4:192:Infinity":72}}}
,"/home/lam/git-repo/paradocs/extensions/batch-create/index.ts": {"path":"/home/lam/git-repo/paradocs/extensions/batch-create/index.ts","statementMap":{"0":{"start":{"line":44,"column":33},"end":{"line":44,"column":null}},"1":{"start":{"line":46,"column":2},"end":{"line":70,"column":null}},"2":{"start":{"line":46,"column":15},"end":{"line":46,"column":18}},"3":{"start":{"line":47,"column":16},"end":{"line":47,"column":null}},"4":{"start":{"line":48,"column":17},"end":{"line":48,"column":null}},"5":{"start":{"line":49,"column":10},"end":{"line":49,"column":null}},"6":{"start":{"line":50,"column":10},"end":{"line":50,"column":null}},"7":{"start":{"line":51,"column":10},"end":{"line":51,"column":null}},"8":{"start":{"line":52,"column":20},"end":{"line":52,"column":null}},"9":{"start":{"line":53,"column":16},"end":{"line":53,"column":null}},"10":{"start":{"line":55,"column":55},"end":{"line":61,"column":null}},"11":{"start":{"line":62,"column":4},"end":{"line":62,"column":null}},"12":{"start":{"line":62,"column":33},"end":{"line":62,"column":null}},"13":{"start":{"line":63,"column":4},"end":{"line":63,"column":null}},"14":{"start":{"line":63,"column":28},"end":{"line":63,"column":null}},"15":{"start":{"line":65,"column":10},"end":{"line":65,"column":null}},"16":{"start":{"line":66,"column":4},"end":{"line":66,"column":null}},"17":{"start":{"line":67,"column":4},"end":{"line":67,"column":null}},"18":{"start":{"line":69,"column":4},"end":{"line":69,"column":null}},"19":{"start":{"line":72,"column":2},"end":{"line":72,"column":null}},"20":{"start":{"line":78,"column":8},"end":{"line":78,"column":null}},"21":{"start":{"line":79,"column":8},"end":{"line":79,"column":null}},"22":{"start":{"line":80,"column":2},"end":{"line":80,"column":null}},"23":{"start":{"line":81,"column":2},"end":{"line":101,"column":null}},"24":{"start":{"line":82,"column":4},"end":{"line":98,"column":null}},"25":{"start":{"line":82,"column":17},"end":{"line":82,"column":20}},"26":{"start":{"line":83,"column":18},"end":{"line":83,"column":null}},"27":{"start":{"line":84,"column":22},"end":{"line":84,"column":null}},"28":{"start":{"line":85,"column":33},"end":{"line":96,"column":null}},"29":{"start":{"line":97,"column":6},"end":{"line":97,"column":null}},"30":{"start":{"line":100,"column":4},"end":{"line":100,"column":null}},"31":{"start":{"line":111,"column":8},"end":{"line":111,"column":null}},"32":{"start":{"line":112,"column":8},"end":{"line":112,"column":null}},"33":{"start":{"line":113,"column":2},"end":{"line":113,"column":null}},"34":{"start":{"line":114,"column":2},"end":{"line":128,"column":null}},"35":{"start":{"line":115,"column":22},"end":{"line":115,"column":null}},"36":{"start":{"line":116,"column":4},"end":{"line":124,"column":null}},"37":{"start":{"line":116,"column":17},"end":{"line":116,"column":20}},"38":{"start":{"line":117,"column":18},"end":{"line":117,"column":null}},"39":{"start":{"line":118,"column":22},"end":{"line":118,"column":null}},"40":{"start":{"line":119,"column":12},"end":{"line":119,"column":null}},"41":{"start":{"line":120,"column":6},"end":{"line":123,"column":null}},"42":{"start":{"line":121,"column":8},"end":{"line":121,"column":null}},"43":{"start":{"line":122,"column":8},"end":{"line":122,"column":null}},"44":{"start":{"line":125,"column":4},"end":{"line":125,"column":null}},"45":{"start":{"line":127,"column":4},"end":{"line":127,"column":null}},"46":{"start":{"line":134,"column":2},"end":{"line":264,"column":null}},"47":{"start":{"line":175,"column":19},"end":{"line":175,"column":null}},"48":{"start":{"line":176,"column":23},"end":{"line":176,"column":null}},"49":{"start":{"line":177,"column":18},"end":{"line":177,"column":null}},"50":{"start":{"line":181,"column":6},"end":{"line":189,"column":null}},"51":{"start":{"line":182,"column":8},"end":{"line":182,"column":null}},"52":{"start":{"line":184,"column":20},"end":{"line":184,"column":null}},"53":{"start":{"line":185,"column":8},"end":{"line":188,"column":null}},"54":{"start":{"line":191,"column":6},"end":{"line":196,"column":null}},"55":{"start":{"line":199,"column":6},"end":{"line":222,"column":null}},"56":{"start":{"line":200,"column":8},"end":{"line":200,"column":null}},"57":{"start":{"line":202,"column":20},"end":{"line":202,"column":null}},"58":{"start":{"line":203,"column":8},"end":{"line":203,"column":null}},"59":{"start":{"line":204,"column":8},"end":{"line":212,"column":null}},"60":{"start":{"line":213,"column":8},"end":{"line":221,"column":null}},"61":{"start":{"line":220,"column":49},"end":{"line":220,"column":55}},"62":{"start":{"line":225,"column":24},"end":{"line":225,"column":null}},"63":{"start":{"line":226,"column":6},"end":{"line":242,"column":null}},"64":{"start":{"line":227,"column":8},"end":{"line":230,"column":null}},"65":{"start":{"line":232,"column":8},"end":{"line":241,"column":null}},"66":{"start":{"line":233,"column":10},"end":{"line":233,"column":null}},"67":{"start":{"line":235,"column":22},"end":{"line":235,"column":null}},"68":{"start":{"line":236,"column":10},"end":{"line":236,"column":null}},"69":{"start":{"line":237,"column":10},"end":{"line":240,"column":null}},"70":{"start":{"line":244,"column":23},"end":{"line":246,"column":null}},"71":{"start":{"line":247,"column":20},"end":{"line":247,"column":null}},"72":{"start":{"line":247,"column":39},"end":{"line":247,"column":70}},"73":{"start":{"line":249,"column":6},"end":{"line":262,"column":null}},"74":{"start":{"line":257,"column":39},"end":{"line":257,"column":92}}},"fnMap":{"0":{"name":"createFilesOnDisk","decl":{"start":{"line":43,"column":15},"end":{"line":43,"column":33}},"loc":{"start":{"line":43,"column":88},"end":{"line":73,"column":null}},"line":43},"1":{"name":"indexDocumentsInDb","decl":{"start":{"line":77,"column":9},"end":{"line":77,"column":28}},"loc":{"start":{"line":77,"column":89},"end":{"line":102,"column":null}},"line":77},"2":{"name":"autoLinkBatch","decl":{"start":{"line":106,"column":15},"end":{"line":106,"column":null}},"loc":{"start":{"line":110,"column":19},"end":{"line":129,"column":null}},"line":110},"3":{"name":"(anonymous_3)","decl":{"start":{"line":133,"column":15},"end":{"line":133,"column":25}},"loc":{"start":{"line":133,"column":49},"end":{"line":265,"column":null}},"line":133},"4":{"name":"execute","decl":{"start":{"line":174,"column":10},"end":{"line":174,"column":18}},"loc":{"start":{"line":174,"column":63},"end":{"line":263,"column":null}},"line":174},"5":{"name":"(anonymous_5)","decl":{"start":{"line":220,"column":38},"end":{"line":220,"column":43}},"loc":{"start":{"line":220,"column":49},"end":{"line":220,"column":55}},"line":220},"6":{"name":"(anonymous_6)","decl":{"start":{"line":247,"column":28},"end":{"line":247,"column":33}},"loc":{"start":{"line":247,"column":39},"end":{"line":247,"column":70}},"line":247},"7":{"name":"(anonymous_7)","decl":{"start":{"line":257,"column":27},"end":{"line":257,"column":32}},"loc":{"start":{"line":257,"column":39},"end":{"line":257,"column":92}},"line":257}},"branchMap":{"0":{"loc":{"start":{"line":48,"column":17},"end":{"line":48,"column":null}},"type":"binary-expr","locations":[{"start":{"line":48,"column":17},"end":{"line":48,"column":29}},{"start":{"line":48,"column":29},"end":{"line":48,"column":null}}],"line":48},"1":{"loc":{"start":{"line":62,"column":4},"end":{"line":62,"column":null}},"type":"if","locations":[{"start":{"line":62,"column":4},"end":{"line":62,"column":null}},{"start":{},"end":{}}],"line":62},"2":{"loc":{"start":{"line":63,"column":4},"end":{"line":63,"column":null}},"type":"if","locations":[{"start":{"line":63,"column":4},"end":{"line":63,"column":null}},{"start":{},"end":{}}],"line":63},"3":{"loc":{"start":{"line":88,"column":15},"end":{"line":88,"column":40}},"type":"binary-expr","locations":[{"start":{"line":88,"column":15},"end":{"line":88,"column":34}},{"start":{"line":88,"column":34},"end":{"line":88,"column":40}}],"line":88},"4":{"loc":{"start":{"line":95,"column":20},"end":{"line":95,"column":null}},"type":"binary-expr","locations":[{"start":{"line":95,"column":20},"end":{"line":95,"column":34}},{"start":{"line":95,"column":34},"end":{"line":95,"column":null}}],"line":95},"5":{"loc":{"start":{"line":120,"column":6},"end":{"line":123,"column":null}},"type":"if","locations":[{"start":{"line":120,"column":6},"end":{"line":123,"column":null}},{"start":{},"end":{}}],"line":120},"6":{"loc":{"start":{"line":184,"column":20},"end":{"line":184,"column":null}},"type":"cond-expr","locations":[{"start":{"line":184,"column":41},"end":{"line":184,"column":53}},{"start":{"line":184,"column":53},"end":{"line":184,"column":null}}],"line":184},"7":{"loc":{"start":{"line":202,"column":20},"end":{"line":202,"column":null}},"type":"cond-expr","locations":[{"start":{"line":202,"column":41},"end":{"line":202,"column":53}},{"start":{"line":202,"column":53},"end":{"line":202,"column":null}}],"line":202},"8":{"loc":{"start":{"line":226,"column":6},"end":{"line":242,"column":null}},"type":"if","locations":[{"start":{"line":226,"column":6},"end":{"line":242,"column":null}},{"start":{},"end":{}}],"line":226},"9":{"loc":{"start":{"line":235,"column":22},"end":{"line":235,"column":null}},"type":"cond-expr","locations":[{"start":{"line":235,"column":43},"end":{"line":235,"column":55}},{"start":{"line":235,"column":55},"end":{"line":235,"column":null}}],"line":235},"10":{"loc":{"start":{"line":244,"column":23},"end":{"line":246,"column":null}},"type":"cond-expr","locations":[{"start":{"line":245,"column":10},"end":{"line":245,"column":null}},{"start":{"line":246,"column":10},"end":{"line":246,"column":null}}],"line":244}},"s":{"0":0,"1":0,"2":0,"3":0,"4":0,"5":0,"6":0,"7":0,"8":0,"9":0,"10":0,"11":0,"12":0,"13":0,"14":0,"15":0,"16":0,"17":0,"18":0,"19":0,"20":0,"21":0,"22":0,"23":0,"24":0,"25":0,"26":0,"27":0,"28":0,"29":0,"30":0,"31":0,"32":0,"33":0,"34":0,"35":0,"36":0,"37":0,"38":0,"39":0,"40":0,"41":0,"42":0,"43":0,"44":0,"45":0,"46":0,"47":0,"48":0,"49":0,"50":0,"51":0,"52":0,"53":0,"54":0,"55":0,"56":0,"57":0,"58":0,"59":0,"60":0,"61":0,"62":0,"63":0,"64":0,"65":0,"66":0,"67":0,"68":0,"69":0,"70":0,"71":0,"72":0,"73":0,"74":0},"f":{"0":0,"1":0,"2":0,"3":0,"4":0,"5":0,"6":0,"7":0},"b":{"0":[0,0],"1":[0,0],"2":[0,0],"3":[0,0],"4":[0,0],"5":[0,0],"6":[0,0],"7":[0,0],"8":[0,0],"9":[0,0],"10":[0,0]},"meta":{"lastBranch":11,"lastFunction":8,"lastStatement":75,"seen":{"f:43:15:43:33":0,"s:44:33:44:Infinity":0,"s:46:2:70:Infinity":1,"s:46:15:46:18":2,"s:47:16:47:Infinity":3,"s:48:17:48:Infinity":4,"b:48:17:48:29:48:29:48:Infinity":0,"s:49:10:49:Infinity":5,"s:50:10:50:Infinity":6,"s:51:10:51:Infinity":7,"s:52:20:52:Infinity":8,"s:53:16:53:Infinity":9,"s:55:55:61:Infinity":10,"b:62:4:62:Infinity:undefined:undefined:undefined:undefined":1,"s:62:4:62:Infinity":11,"s:62:33:62:Infinity":12,"b:63:4:63:Infinity:undefined:undefined:undefined:undefined":2,"s:63:4:63:Infinity":13,"s:63:28:63:Infinity":14,"s:65:10:65:Infinity":15,"s:66:4:66:Infinity":16,"s:67:4:67:Infinity":17,"s:69:4:69:Infinity":18,"s:72:2:72:Infinity":19,"f:77:9:77:28":1,"s:78:8:78:Infinity":20,"s:79:8:79:Infinity":21,"s:80:2:80:Infinity":22,"s:81:2:101:Infinity":23,"s:82:4:98:Infinity":24,"s:82:17:82:20":25,"s:83:18:83:Infinity":26,"s:84:22:84:Infinity":27,"s:85:33:96:Infinity":28,"b:88:15:88:34:88:34:88:40":3,"b:95:20:95:34:95:34:95:Infinity":4,"s:97:6:97:Infinity":29,"s:100:4:100:Infinity":30,"f:106:15:106:Infinity":2,"s:111:8:111:Infinity":31,"s:112:8:112:Infinity":32,"s:113:2:113:Infinity":33,"s:114:2:128:Infinity":34,"s:115:22:115:Infinity":35,"s:116:4:124:Infinity":36,"s:116:17:116:20":37,"s:117:18:117:Infinity":38,"s:118:22:118:Infinity":39,"s:119:12:119:Infinity":40,"b:120:6:123:Infinity:undefined:undefined:undefined:undefined":5,"s:120:6:123:Infinity":41,"s:121:8:121:Infinity":42,"s:122:8:122:Infinity":43,"s:125:4:125:Infinity":44,"s:127:4:127:Infinity":45,"f:133:15:133:25":3,"s:134:2:264:Infinity":46,"f:174:10:174:18":4,"s:175:19:175:Infinity":47,"s:176:23:176:Infinity":48,"s:177:18:177:Infinity":49,"s:181:6:189:Infinity":50,"s:182:8:182:Infinity":51,"s:184:20:184:Infinity":52,"b:184:41:184:53:184:53:184:Infinity":6,"s:185:8:188:Infinity":53,"s:191:6:196:Infinity":54,"s:199:6:222:Infinity":55,"s:200:8:200:Infinity":56,"s:202:20:202:Infinity":57,"b:202:41:202:53:202:53:202:Infinity":7,"s:203:8:203:Infinity":58,"s:204:8:212:Infinity":59,"s:213:8:221:Infinity":60,"f:220:38:220:43":5,"s:220:49:220:55":61,"s:225:24:225:Infinity":62,"b:226:6:242:Infinity:undefined:undefined:undefined:undefined":8,"s:226:6:242:Infinity":63,"s:227:8:230:Infinity":64,"s:232:8:241:Infinity":65,"s:233:10:233:Infinity":66,"s:235:22:235:Infinity":67,"b:235:43:235:55:235:55:235:Infinity":9,"s:236:10:236:Infinity":68,"s:237:10:240:Infinity":69,"s:244:23:246:Infinity":70,"b:245:10:245:Infinity:246:10:246:Infinity":10,"s:247:20:247:Infinity":71,"f:247:28:247:33":6,"s:247:39:247:70":72,"s:249:6:262:Infinity":73,"f:257:27:257:32":7,"s:257:39:257:92":74}}}
,"/home/lam/git-repo/paradocs/extensions/batch-create/search.ts": {"path":"/home/lam/git-repo/paradocs/extensions/batch-create/search.ts","statementMap":{"0":{"start":{"line":31,"column":22},"end":{"line":31,"column":null}},"1":{"start":{"line":31,"column":38},"end":{"line":31,"column":58}},"2":{"start":{"line":33,"column":31},"end":{"line":33,"column":null}},"3":{"start":{"line":34,"column":2},"end":{"line":34,"column":null}},"4":{"start":{"line":34,"column":20},"end":{"line":34,"column":null}},"5":{"start":{"line":36,"column":19},"end":{"line":36,"column":null}},"6":{"start":{"line":37,"column":2},"end":{"line":37,"column":null}},"7":{"start":{"line":37,"column":17},"end":{"line":37,"column":null}},"8":{"start":{"line":40,"column":16},"end":{"line":44,"column":null}},"9":{"start":{"line":43,"column":20},"end":{"line":43,"column":34}},"10":{"start":{"line":44,"column":19},"end":{"line":44,"column":31}},"11":{"start":{"line":45,"column":2},"end":{"line":45,"column":null}},"12":{"start":{"line":45,"column":26},"end":{"line":45,"column":null}},"13":{"start":{"line":48,"column":19},"end":{"line":48,"column":null}},"14":{"start":{"line":48,"column":36},"end":{"line":48,"column":44}},"15":{"start":{"line":50,"column":18},"end":{"line":50,"column":null}},"16":{"start":{"line":52,"column":2},"end":{"line":55,"column":null}},"17":{"start":{"line":53,"column":19},"end":{"line":53,"column":37}},"18":{"start":{"line":55,"column":16},"end":{"line":55,"column":22}},"19":{"start":{"line":67,"column":2},"end":{"line":78,"column":null}},"20":{"start":{"line":68,"column":17},"end":{"line":72,"column":null}},"21":{"start":{"line":74,"column":4},"end":{"line":74,"column":null}},"22":{"start":{"line":74,"column":28},"end":{"line":74,"column":60}},"23":{"start":{"line":77,"column":4},"end":{"line":77,"column":null}},"24":{"start":{"line":85,"column":2},"end":{"line":85,"column":null}},"25":{"start":{"line":85,"column":26},"end":{"line":85,"column":null}},"26":{"start":{"line":87,"column":18},"end":{"line":87,"column":null}},"27":{"start":{"line":88,"column":15},"end":{"line":88,"column":null}},"28":{"start":{"line":90,"column":19},"end":{"line":93,"column":null}},"29":{"start":{"line":91,"column":17},"end":{"line":91,"column":null}},"30":{"start":{"line":92,"column":4},"end":{"line":92,"column":null}},"31":{"start":{"line":95,"column":21},"end":{"line":95,"column":null}},"32":{"start":{"line":98,"column":2},"end":{"line":121,"column":null}},"33":{"start":{"line":99,"column":18},"end":{"line":99,"column":null}},"34":{"start":{"line":100,"column":23},"end":{"line":100,"column":null}},"35":{"start":{"line":100,"column":46},"end":{"line":100,"column":80}},"36":{"start":{"line":101,"column":20},"end":{"line":101,"column":null}},"37":{"start":{"line":102,"column":4},"end":{"line":102,"column":null}},"38":{"start":{"line":102,"column":76},"end":{"line":102,"column":null}},"39":{"start":{"line":104,"column":26},"end":{"line":104,"column":null}},"40":{"start":{"line":105,"column":4},"end":{"line":108,"column":null}},"41":{"start":{"line":105,"column":17},"end":{"line":105,"column":33}},"42":{"start":{"line":106,"column":16},"end":{"line":106,"column":null}},"43":{"start":{"line":107,"column":6},"end":{"line":107,"column":null}},"44":{"start":{"line":107,"column":13},"end":{"line":107,"column":null}},"45":{"start":{"line":109,"column":18},"end":{"line":112,"column":null}},"46":{"start":{"line":110,"column":24},"end":{"line":110,"column":null}},"47":{"start":{"line":111,"column":6},"end":{"line":111,"column":null}},"48":{"start":{"line":113,"column":4},"end":{"line":113,"column":null}},"49":{"start":{"line":113,"column":28},"end":{"line":113,"column":null}},"50":{"start":{"line":116,"column":6},"end":{"line":116,"column":null}},"51":{"start":{"line":117,"column":4},"end":{"line":117,"column":null}},"52":{"start":{"line":117,"column":51},"end":{"line":117,"column":66}},"53":{"start":{"line":118,"column":4},"end":{"line":118,"column":null}},"54":{"start":{"line":120,"column":4},"end":{"line":120,"column":null}},"55":{"start":{"line":120,"column":71},"end":{"line":120,"column":79}},"56":{"start":{"line":123,"column":18},"end":{"line":123,"column":null}},"57":{"start":{"line":124,"column":22},"end":{"line":124,"column":null}},"58":{"start":{"line":125,"column":2},"end":{"line":125,"column":null}}},"fnMap":{"0":{"name":"findRelated","decl":{"start":{"line":23,"column":16},"end":{"line":23,"column":null}},"loc":{"start":{"line":29,"column":12},"end":{"line":56,"column":null}},"line":29},"1":{"name":"(anonymous_1)","decl":{"start":{"line":31,"column":27},"end":{"line":31,"column":32}},"loc":{"start":{"line":31,"column":38},"end":{"line":31,"column":58}},"line":31},"2":{"name":"(anonymous_2)","decl":{"start":{"line":43,"column":5},"end":{"line":43,"column":14}},"loc":{"start":{"line":43,"column":20},"end":{"line":43,"column":34}},"line":43},"3":{"name":"(anonymous_3)","decl":{"start":{"line":44,"column":5},"end":{"line":44,"column":13}},"loc":{"start":{"line":44,"column":19},"end":{"line":44,"column":31}},"line":44},"4":{"name":"(anonymous_4)","decl":{"start":{"line":48,"column":25},"end":{"line":48,"column":30}},"loc":{"start":{"line":48,"column":36},"end":{"line":48,"column":44}},"line":48},"5":{"name":"(anonymous_5)","decl":{"start":{"line":53,"column":5},"end":{"line":53,"column":13}},"loc":{"start":{"line":53,"column":19},"end":{"line":53,"column":37}},"line":53},"6":{"name":"(anonymous_6)","decl":{"start":{"line":55,"column":5},"end":{"line":55,"column":10}},"loc":{"start":{"line":55,"column":16},"end":{"line":55,"column":22}},"line":55},"7":{"name":"searchDocsFts","decl":{"start":{"line":62,"column":9},"end":{"line":62,"column":null}},"loc":{"start":{"line":66,"column":42},"end":{"line":79,"column":null}},"line":66},"8":{"name":"(anonymous_8)","decl":{"start":{"line":74,"column":16},"end":{"line":74,"column":21}},"loc":{"start":{"line":74,"column":28},"end":{"line":74,"column":60}},"line":74},"9":{"name":"appendLinks","decl":{"start":{"line":84,"column":22},"end":{"line":84,"column":34}},"loc":{"start":{"line":84,"column":84},"end":{"line":126,"column":null}},"line":84},"10":{"name":"(anonymous_10)","decl":{"start":{"line":90,"column":25},"end":{"line":90,"column":30}},"loc":{"start":{"line":90,"column":36},"end":{"line":93,"column":3}},"line":90},"11":{"name":"(anonymous_11)","decl":{"start":{"line":100,"column":29},"end":{"line":100,"column":40}},"loc":{"start":{"line":100,"column":46},"end":{"line":100,"column":80}},"line":100},"12":{"name":"(anonymous_12)","decl":{"start":{"line":109,"column":27},"end":{"line":109,"column":35}},"loc":{"start":{"line":109,"column":41},"end":{"line":112,"column":5}},"line":109},"13":{"name":"(anonymous_13)","decl":{"start":{"line":117,"column":40},"end":{"line":117,"column":45}},"loc":{"start":{"line":117,"column":51},"end":{"line":117,"column":66}},"line":117},"14":{"name":"(anonymous_14)","decl":{"start":{"line":120,"column":60},"end":{"line":120,"column":65}},"loc":{"start":{"line":120,"column":71},"end":{"line":120,"column":79}},"line":120}},"branchMap":{"0":{"loc":{"start":{"line":34,"column":2},"end":{"line":34,"column":null}},"type":"if","locations":[{"start":{"line":34,"column":2},"end":{"line":34,"column":null}},{"start":{},"end":{}}],"line":34},"1":{"loc":{"start":{"line":37,"column":2},"end":{"line":37,"column":null}},"type":"if","locations":[{"start":{"line":37,"column":2},"end":{"line":37,"column":null}},{"start":{},"end":{}}],"line":37},"2":{"loc":{"start":{"line":45,"column":2},"end":{"line":45,"column":null}},"type":"if","locations":[{"start":{"line":45,"column":2},"end":{"line":45,"column":null}},{"start":{},"end":{}}],"line":45},"3":{"loc":{"start":{"line":85,"column":2},"end":{"line":85,"column":null}},"type":"if","locations":[{"start":{"line":85,"column":2},"end":{"line":85,"column":null}},{"start":{},"end":{}}],"line":85},"4":{"loc":{"start":{"line":91,"column":17},"end":{"line":91,"column":null}},"type":"binary-expr","locations":[{"start":{"line":91,"column":17},"end":{"line":91,"column":60}},{"start":{"line":91,"column":60},"end":{"line":91,"column":null}}],"line":91},"5":{"loc":{"start":{"line":98,"column":2},"end":{"line":121,"column":null}},"type":"if","locations":[{"start":{"line":98,"column":2},"end":{"line":121,"column":null}},{"start":{"line":119,"column":9},"end":{"line":121,"column":null}}],"line":98},"6":{"loc":{"start":{"line":102,"column":11},"end":{"line":102,"column":76}},"type":"binary-expr","locations":[{"start":{"line":102,"column":11},"end":{"line":102,"column":39}},{"start":{"line":102,"column":39},"end":{"line":102,"column":76}}],"line":102},"7":{"loc":{"start":{"line":107,"column":6},"end":{"line":107,"column":null}},"type":"if","locations":[{"start":{"line":107,"column":6},"end":{"line":107,"column":null}},{"start":{},"end":{}}],"line":107},"8":{"loc":{"start":{"line":111,"column":13},"end":{"line":111,"column":null}},"type":"cond-expr","locations":[{"start":{"line":111,"column":25},"end":{"line":111,"column":60}},{"start":{"line":111,"column":60},"end":{"line":111,"column":null}}],"line":111},"9":{"loc":{"start":{"line":113,"column":4},"end":{"line":113,"column":null}},"type":"if","locations":[{"start":{"line":113,"column":4},"end":{"line":113,"column":null}},{"start":{},"end":{}}],"line":113},"10":{"loc":{"start":{"line":116,"column":6},"end":{"line":116,"column":null}},"type":"cond-expr","locations":[{"start":{"line":116,"column":36},"end":{"line":116,"column":88}},{"start":{"line":116,"column":88},"end":{"line":116,"column":null}}],"line":116},"11":{"loc":{"start":{"line":116,"column":36},"end":{"line":116,"column":88}},"type":"binary-expr","locations":[{"start":{"line":116,"column":36},"end":{"line":116,"column":80}},{"start":{"line":116,"column":80},"end":{"line":116,"column":88}}],"line":116},"12":{"loc":{"start":{"line":124,"column":22},"end":{"line":124,"column":null}},"type":"cond-expr","locations":[{"start":{"line":124,"column":32},"end":{"line":124,"column":45}},{"start":{"line":124,"column":45},"end":{"line":124,"column":null}}],"line":124}},"s":{"0":0,"1":0,"2":0,"3":0,"4":0,"5":0,"6":0,"7":0,"8":0,"9":0,"10":0,"11":0,"12":0,"13":0,"14":0,"15":0,"16":0,"17":0,"18":0,"19":0,"20":0,"21":0,"22":0,"23":0,"24":0,"25":0,"26":0,"27":0,"28":0,"29":0,"30":0,"31":0,"32":0,"33":0,"34":0,"35":0,"36":0,"37":0,"38":0,"39":0,"40":0,"41":0,"42":0,"43":0,"44":0,"45":0,"46":0,"47":0,"48":0,"49":0,"50":0,"51":0,"52":0,"53":0,"54":0,"55":0,"56":0,"57":0,"58":0},"f":{"0":0,"1":0,"2":0,"3":0,"4":0,"5":0,"6":0,"7":0,"8":0,"9":0,"10":0,"11":0,"12":0,"13":0,"14":0},"b":{"0":[0,0],"1":[0,0],"2":[0,0],"3":[0,0],"4":[0,0],"5":[0,0],"6":[0,0],"7":[0,0],"8":[0,0],"9":[0,0],"10":[0,0],"11":[0,0],"12":[0,0]},"meta":{"lastBranch":13,"lastFunction":15,"lastStatement":59,"seen":{"f:23:16:23:Infinity":0,"s:31:22:31:Infinity":0,"f:31:27:31:32":1,"s:31:38:31:58":1,"s:33:31:33:Infinity":2,"b:34:2:34:Infinity:undefined:undefined:undefined:undefined":0,"s:34:2:34:Infinity":3,"s:34:20:34:Infinity":4,"s:36:19:36:Infinity":5,"b:37:2:37:Infinity:undefined:undefined:undefined:undefined":1,"s:37:2:37:Infinity":6,"s:37:17:37:Infinity":7,"s:40:16:44:Infinity":8,"f:43:5:43:14":2,"s:43:20:43:34":9,"f:44:5:44:13":3,"s:44:19:44:31":10,"b:45:2:45:Infinity:undefined:undefined:undefined:undefined":2,"s:45:2:45:Infinity":11,"s:45:26:45:Infinity":12,"s:48:19:48:Infinity":13,"f:48:25:48:30":4,"s:48:36:48:44":14,"s:50:18:50:Infinity":15,"s:52:2:55:Infinity":16,"f:53:5:53:13":5,"s:53:19:53:37":17,"f:55:5:55:10":6,"s:55:16:55:22":18,"f:62:9:62:Infinity":7,"s:67:2:78:Infinity":19,"s:68:17:72:Infinity":20,"s:74:4:74:Infinity":21,"f:74:16:74:21":8,"s:74:28:74:60":22,"s:77:4:77:Infinity":23,"f:84:22:84:34":9,"b:85:2:85:Infinity:undefined:undefined:undefined:undefined":3,"s:85:2:85:Infinity":24,"s:85:26:85:Infinity":25,"s:87:18:87:Infinity":26,"s:88:15:88:Infinity":27,"s:90:19:93:Infinity":28,"f:90:25:90:30":10,"s:91:17:91:Infinity":29,"b:91:17:91:60:91:60:91:Infinity":4,"s:92:4:92:Infinity":30,"s:95:21:95:Infinity":31,"b:98:2:121:Infinity:119:9:121:Infinity":5,"s:98:2:121:Infinity":32,"s:99:18:99:Infinity":33,"s:100:23:100:Infinity":34,"f:100:29:100:40":11,"s:100:46:100:80":35,"s:101:20:101:Infinity":36,"s:102:4:102:Infinity":37,"b:102:11:102:39:102:39:102:76":6,"s:102:76:102:Infinity":38,"s:104:26:104:Infinity":39,"s:105:4:108:Infinity":40,"s:105:17:105:33":41,"s:106:16:106:Infinity":42,"b:107:6:107:Infinity:undefined:undefined:undefined:undefined":7,"s:107:6:107:Infinity":43,"s:107:13:107:Infinity":44,"s:109:18:112:Infinity":45,"f:109:27:109:35":12,"s:110:24:110:Infinity":46,"s:111:6:111:Infinity":47,"b:111:25:111:60:111:60:111:Infinity":8,"b:113:4:113:Infinity:undefined:undefined:undefined:undefined":9,"s:113:4:113:Infinity":48,"s:113:28:113:Infinity":49,"s:116:6:116:Infinity":50,"b:116:36:116:88:116:88:116:Infinity":10,"b:116:36:116:80:116:80:116:88":11,"s:117:4:117:Infinity":51,"f:117:40:117:45":13,"s:117:51:117:66":52,"s:118:4:118:Infinity":53,"s:120:4:120:Infinity":54,"f:120:60:120:65":14,"s:120:71:120:79":55,"s:123:18:123:Infinity":56,"s:124:22:124:Infinity":57,"b:124:32:124:45:124:45:124:Infinity":12,"s:125:2:125:Infinity":58}}}
,"/home/lam/git-repo/paradocs/extensions/batch-create/yaml.ts": {"path":"/home/lam/git-repo/paradocs/extensions/batch-create/yaml.ts","statementMap":{},"fnMap":{},"branchMap":{},"s":{},"f":{},"b":{},"meta":{"lastBranch":0,"lastFunction":0,"lastStatement":0,"seen":{}}}
,"/home/lam/git-repo/paradocs/extensions/expand-bullets/index.ts": {"path":"/home/lam/git-repo/paradocs/extensions/expand-bullets/index.ts","statementMap":{"0":{"start":{"line":22,"column":21},"end":{"line":42,"column":null}},"1":{"start":{"line":45,"column":2},"end":{"line":172,"column":null}},"2":{"start":{"line":57,"column":12},"end":{"line":57,"column":null}},"3":{"start":{"line":60,"column":6},"end":{"line":72,"column":null}},"4":{"start":{"line":61,"column":8},"end":{"line":61,"column":null}},"5":{"start":{"line":63,"column":8},"end":{"line":71,"column":null}},"6":{"start":{"line":74,"column":21},"end":{"line":74,"column":null}},"7":{"start":{"line":77,"column":6},"end":{"line":86,"column":null}},"8":{"start":{"line":78,"column":14},"end":{"line":78,"column":null}},"9":{"start":{"line":79,"column":26},"end":{"line":81,"column":null}},"10":{"start":{"line":80,"column":36},"end":{"line":80,"column":79}},"11":{"start":{"line":82,"column":8},"end":{"line":82,"column":null}},"12":{"start":{"line":82,"column":36},"end":{"line":82,"column":71}},"13":{"start":{"line":83,"column":8},"end":{"line":83,"column":null}},"14":{"start":{"line":83,"column":34},"end":{"line":83,"column":null}},"15":{"start":{"line":85,"column":8},"end":{"line":85,"column":null}},"16":{"start":{"line":88,"column":6},"end":{"line":95,"column":null}},"17":{"start":{"line":89,"column":8},"end":{"line":94,"column":null}},"18":{"start":{"line":97,"column":6},"end":{"line":105,"column":null}},"19":{"start":{"line":107,"column":38},"end":{"line":107,"column":null}},"20":{"start":{"line":108,"column":20},"end":{"line":108,"column":null}},"21":{"start":{"line":110,"column":6},"end":{"line":134,"column":null}},"22":{"start":{"line":110,"column":19},"end":{"line":110,"column":22}},"23":{"start":{"line":111,"column":23},"end":{"line":111,"column":null}},"24":{"start":{"line":112,"column":8},"end":{"line":120,"column":null}},"25":{"start":{"line":122,"column":12},"end":{"line":122,"column":null}},"26":{"start":{"line":123,"column":8},"end":{"line":123,"column":null}},"27":{"start":{"line":123,"column":30},"end":{"line":123,"column":null}},"28":{"start":{"line":125,"column":24},"end":{"line":125,"column":null}},"29":{"start":{"line":126,"column":14},"end":{"line":126,"column":null}},"30":{"start":{"line":128,"column":8},"end":{"line":133,"column":null}},"31":{"start":{"line":132,"column":41},"end":{"line":132,"column":57}},"32":{"start":{"line":136,"column":30},"end":{"line":141,"column":null}},"33":{"start":{"line":143,"column":6},"end":{"line":152,"column":null}},"34":{"start":{"line":144,"column":8},"end":{"line":144,"column":null}},"35":{"start":{"line":145,"column":8},"end":{"line":145,"column":null}},"36":{"start":{"line":145,"column":25},"end":{"line":145,"column":null}},"37":{"start":{"line":146,"column":8},"end":{"line":146,"column":null}},"38":{"start":{"line":147,"column":8},"end":{"line":150,"column":null}},"39":{"start":{"line":148,"column":10},"end":{"line":148,"column":null}},"40":{"start":{"line":149,"column":10},"end":{"line":149,"column":null}},"41":{"start":{"line":149,"column":41},"end":{"line":149,"column":null}},"42":{"start":{"line":151,"column":8},"end":{"line":151,"column":null}},"43":{"start":{"line":154,"column":6},"end":{"line":156,"column":null}},"44":{"start":{"line":158,"column":6},"end":{"line":170,"column":null}},"45":{"start":{"line":163,"column":45},"end":{"line":168,"column":12}}},"fnMap":{"0":{"name":"(anonymous_0)","decl":{"start":{"line":44,"column":15},"end":{"line":44,"column":25}},"loc":{"start":{"line":44,"column":43},"end":{"line":173,"column":null}},"line":44},"1":{"name":"execute","decl":{"start":{"line":56,"column":10},"end":{"line":56,"column":18}},"loc":{"start":{"line":56,"column":63},"end":{"line":171,"column":null}},"line":56},"2":{"name":"(anonymous_2)","decl":{"start":{"line":80,"column":25},"end":{"line":80,"column":30}},"loc":{"start":{"line":80,"column":36},"end":{"line":80,"column":79}},"line":80},"3":{"name":"(anonymous_3)","decl":{"start":{"line":82,"column":22},"end":{"line":82,"column":30}},"loc":{"start":{"line":82,"column":36},"end":{"line":82,"column":71}},"line":82},"4":{"name":"(anonymous_4)","decl":{"start":{"line":132,"column":27},"end":{"line":132,"column":35}},"loc":{"start":{"line":132,"column":41},"end":{"line":132,"column":57}},"line":132},"5":{"name":"(anonymous_5)","decl":{"start":{"line":163,"column":33},"end":{"line":163,"column":38}},"loc":{"start":{"line":163,"column":45},"end":{"line":168,"column":12}},"line":163}},"branchMap":{"0":{"loc":{"start":{"line":77,"column":6},"end":{"line":86,"column":null}},"type":"if","locations":[{"start":{"line":77,"column":6},"end":{"line":86,"column":null}},{"start":{"line":84,"column":13},"end":{"line":86,"column":null}}],"line":77},"1":{"loc":{"start":{"line":83,"column":8},"end":{"line":83,"column":null}},"type":"if","locations":[{"start":{"line":83,"column":8},"end":{"line":83,"column":null}},{"start":{},"end":{}}],"line":83},"2":{"loc":{"start":{"line":88,"column":6},"end":{"line":95,"column":null}},"type":"if","locations":[{"start":{"line":88,"column":6},"end":{"line":95,"column":null}},{"start":{},"end":{}}],"line":88},"3":{"loc":{"start":{"line":101,"column":25},"end":{"line":101,"column":49}},"type":"binary-expr","locations":[{"start":{"line":101,"column":25},"end":{"line":101,"column":34}},{"start":{"line":101,"column":34},"end":{"line":101,"column":49}}],"line":101},"4":{"loc":{"start":{"line":116,"column":73},"end":{"line":116,"column":null}},"type":"cond-expr","locations":[{"start":{"line":116,"column":90},"end":{"line":116,"column":124}},{"start":{"line":116,"column":124},"end":{"line":116,"column":null}}],"line":116},"5":{"loc":{"start":{"line":123,"column":8},"end":{"line":123,"column":null}},"type":"if","locations":[{"start":{"line":123,"column":8},"end":{"line":123,"column":null}},{"start":{},"end":{}}],"line":123},"6":{"loc":{"start":{"line":137,"column":39},"end":{"line":137,"column":63}},"type":"binary-expr","locations":[{"start":{"line":137,"column":39},"end":{"line":137,"column":48}},{"start":{"line":137,"column":48},"end":{"line":137,"column":63}}],"line":137},"7":{"loc":{"start":{"line":145,"column":8},"end":{"line":145,"column":null}},"type":"if","locations":[{"start":{"line":145,"column":8},"end":{"line":145,"column":null}},{"start":{},"end":{}}],"line":145},"8":{"loc":{"start":{"line":147,"column":8},"end":{"line":150,"column":null}},"type":"if","locations":[{"start":{"line":147,"column":8},"end":{"line":150,"column":null}},{"start":{},"end":{}}],"line":147}},"s":{"0":0,"1":0,"2":0,"3":0,"4":0,"5":0,"6":0,"7":0,"8":0,"9":0,"10":0,"11":0,"12":0,"13":0,"14":0,"15":0,"16":0,"17":0,"18":0,"19":0,"20":0,"21":0,"22":0,"23":0,"24":0,"25":0,"26":0,"27":0,"28":0,"29":0,"30":0,"31":0,"32":0,"33":0,"34":0,"35":0,"36":0,"37":0,"38":0,"39":0,"40":0,"41":0,"42":0,"43":0,"44":0,"45":0},"f":{"0":0,"1":0,"2":0,"3":0,"4":0,"5":0},"b":{"0":[0,0],"1":[0,0],"2":[0,0],"3":[0,0],"4":[0,0],"5":[0,0],"6":[0,0],"7":[0,0],"8":[0,0]},"meta":{"lastBranch":9,"lastFunction":6,"lastStatement":46,"seen":{"s:22:21:42:Infinity":0,"f:44:15:44:25":0,"s:45:2:172:Infinity":1,"f:56:10:56:18":1,"s:57:12:57:Infinity":2,"s:60:6:72:Infinity":3,"s:61:8:61:Infinity":4,"s:63:8:71:Infinity":5,"s:74:21:74:Infinity":6,"b:77:6:86:Infinity:84:13:86:Infinity":0,"s:77:6:86:Infinity":7,"s:78:14:78:Infinity":8,"s:79:26:81:Infinity":9,"f:80:25:80:30":2,"s:80:36:80:79":10,"s:82:8:82:Infinity":11,"f:82:22:82:30":3,"s:82:36:82:71":12,"b:83:8:83:Infinity:undefined:undefined:undefined:undefined":1,"s:83:8:83:Infinity":13,"s:83:34:83:Infinity":14,"s:85:8:85:Infinity":15,"b:88:6:95:Infinity:undefined:undefined:undefined:undefined":2,"s:88:6:95:Infinity":16,"s:89:8:94:Infinity":17,"s:97:6:105:Infinity":18,"b:101:25:101:34:101:34:101:49":3,"s:107:38:107:Infinity":19,"s:108:20:108:Infinity":20,"s:110:6:134:Infinity":21,"s:110:19:110:22":22,"s:111:23:111:Infinity":23,"s:112:8:120:Infinity":24,"b:116:90:116:124:116:124:116:Infinity":4,"s:122:12:122:Infinity":25,"b:123:8:123:Infinity:undefined:undefined:undefined:undefined":5,"s:123:8:123:Infinity":26,"s:123:30:123:Infinity":27,"s:125:24:125:Infinity":28,"s:126:14:126:Infinity":29,"s:128:8:133:Infinity":30,"f:132:27:132:35":4,"s:132:41:132:57":31,"s:136:30:141:Infinity":32,"b:137:39:137:48:137:48:137:63":6,"s:143:6:152:Infinity":33,"s:144:8:144:Infinity":34,"b:145:8:145:Infinity:undefined:undefined:undefined:undefined":7,"s:145:8:145:Infinity":35
[...]
:22},"end":{"line":164,"column":null}},"59":{"start":{"line":165,"column":12},"end":{"line":165,"column":null}},"60":{"start":{"line":166,"column":6},"end":{"line":166,"column":null}},"61":{"start":{"line":166,"column":40},"end":{"line":166,"column":null}},"62":{"start":{"line":168,"column":27},"end":{"line":168,"column":null}},"63":{"start":{"line":169,"column":6},"end":{"line":178,"column":null}},"64":{"start":{"line":170,"column":8},"end":{"line":170,"column":null}},"65":{"start":{"line":171,"column":8},"end":{"line":177,"column":null}}},"fnMap":{"0":{"name":"buildReport","decl":{"start":{"line":21,"column":9},"end":{"line":21,"column":null}},"loc":{"start":{"line":27,"column":10},"end":{"line":46,"column":null}},"line":27},"1":{"name":"readUtf8","decl":{"start":{"line":48,"column":9},"end":{"line":48,"column":18}},"loc":{"start":{"line":48,"column":46},"end":{"line":50,"column":null}},"line":48},"2":{"name":"writeUtf8","decl":{"start":{"line":51,"column":9},"end":{"line":51,"column":19}},"loc":{"start":{"line":51,"column":56},"end":{"line":53,"column":null}},"line":51},"3":{"name":"(anonymous_3)","decl":{"start":{"line":55,"column":15},"end":{"line":55,"column":25}},"loc":{"start":{"line":55,"column":49},"end":{"line":183,"column":null}},"line":55},"4":{"name":"execute","decl":{"start":{"line":66,"column":10},"end":{"line":66,"column":18}},"loc":{"start":{"line":66,"column":63},"end":{"line":150,"column":null}},"line":66},"5":{"name":"(anonymous_5)","decl":{"start":{"line":142,"column":27},"end":{"line":142,"column":32}},"loc":{"start":{"line":142,"column":39},"end":{"line":147,"column":12}},"line":142},"6":{"name":"(anonymous_6)","decl":{"start":{"line":156,"column":23},"end":{"line":156,"column":30}},"loc":{"start":{"line":156,"column":46},"end":{"line":182,"column":3}},"line":156}},"branchMap":{"0":{"loc":{"start":{"line":31,"column":8},"end":{"line":31,"column":null}},"type":"cond-expr","locations":[{"start":{"line":31,"column":19},"end":{"line":31,"column":54}},{"start":{"line":31,"column":54},"end":{"line":31,"column":null}}],"line":31},"1":{"loc":{"start":{"line":35,"column":4},"end":{"line":35,"column":null}},"type":"if","locations":[{"start":{"line":35,"column":4},"end":{"line":35,"column":null}},{"start":{},"end":{}}],"line":35},"2":{"loc":{"start":{"line":36,"column":33},"end":{"line":36,"column":58}},"type":"cond-expr","locations":[{"start":{"line":36,"column":43},"end":{"line":36,"column":54}},{"start":{"line":36,"column":54},"end":{"line":36,"column":58}}],"line":36},"3":{"loc":{"start":{"line":39,"column":6},"end":{"line":39,"column":null}},"type":"if","locations":[{"start":{"line":39,"column":6},"end":{"line":39,"column":null}},{"start":{},"end":{}}],"line":39},"4":{"loc":{"start":{"line":41,"column":4},"end":{"line":41,"column":null}},"type":"if","locations":[{"start":{"line":41,"column":4},"end":{"line":41,"column":null}},{"start":{},"end":{}}],"line":41},"5":{"loc":{"start":{"line":44,"column":2},"end":{"line":44,"column":null}},"type":"if","locations":[{"start":{"line":44,"column":2},"end":{"line":44,"column":null}},{"start":{},"end":{}}],"line":44},"6":{"loc":{"start":{"line":44,"column":6},"end":{"line":44,"column":36}},"type":"binary-expr","locations":[{"start":{"line":44,"column":6},"end":{"line":44,"column":19}},{"start":{"line":44,"column":19},"end":{"line":44,"column":36}}],"line":44},"7":{"loc":{"start":{"line":68,"column":23},"end":{"line":68,"column":null}},"type":"binary-expr","locations":[{"start":{"line":68,"column":23},"end":{"line":68,"column":40}},{"start":{"line":68,"column":40},"end":{"line":68,"column":null}}],"line":68},"8":{"loc":{"start":{"line":69,"column":37},"end":{"line":71,"column":null}},"type":"cond-expr","locations":[{"start":{"line":70,"column":10},"end":{"line":70,"column":null}},{"start":{"line":71,"column":10},"end":{"line":71,"column":null}}],"line":69},"9":{"loc":{"start":{"line":72,"column":6},"end":{"line":76,"column":null}},"type":"if","locations":[{"start":{"line":72,"column":6},"end":{"line":76,"column":null}},{"start":{},"end":{}}],"line":72},"10":{"loc":{"start":{"line":92,"column":10},"end":{"line":92,"column":null}},"type":"if","locations":[{"start":{"line":92,"column":10},"end":{"line":92,"column":null}},{"start":{},"end":{}}],"line":92},"11":{"loc":{"start":{"line":95,"column":10},"end":{"line":108,"column":null}},"type":"if","locations":[{"start":{"line":95,"column":10},"end":{"line":108,"column":null}},{"start":{},"end":{}}],"line":95},"12":{"loc":{"start":{"line":97,"column":12},"end":{"line":107,"column":null}},"type":"if","locations":[{"start":{"line":97,"column":12},"end":{"line":107,"column":null}},{"start":{},"end":{}}],"line":97},"13":{"loc":{"start":{"line":97,"column":16},"end":{"line":97,"column":60}},"type":"binary-expr","locations":[{"start":{"line":97,"column":16},"end":{"line":97,"column":38}},{"start":{"line":97,"column":38},"end":{"line":97,"column":60}}],"line":97},"14":{"loc":{"start":{"line":116,"column":35},"end":{"line":116,"column":null}},"type":"cond-expr","locations":[{"start":{"line":116,"column":56},"end":{"line":116,"column":68}},{"start":{"line":116,"column":68},"end":{"line":116,"column":null}}],"line":116},"15":{"loc":{"start":{"line":126,"column":6},"end":{"line":130,"column":null}},"type":"if","locations":[{"start":{"line":126,"column":6},"end":{"line":130,"column":null}},{"start":{},"end":{}}],"line":126},"16":{"loc":{"start":{"line":141,"column":17},"end":{"line":141,"column":null}},"type":"cond-expr","locations":[{"start":{"line":141,"column":28},"end":{"line":141,"column":41}},{"start":{"line":141,"column":41},"end":{"line":141,"column":null}}],"line":141},"17":{"loc":{"start":{"line":157,"column":4},"end":{"line":157,"column":null}},"type":"if","locations":[{"start":{"line":157,"column":4},"end":{"line":157,"column":null}},{"start":{},"end":{}}],"line":157},"18":{"loc":{"start":{"line":157,"column":8},"end":{"line":157,"column":86}},"type":"binary-expr","locations":[{"start":{"line":157,"column":8},"end":{"line":157,"column":48}},{"start":{"line":157,"column":48},"end":{"line":157,"column":86}}],"line":157},"19":{"loc":{"start":{"line":161,"column":4},"end":{"line":161,"column":null}},"type":"if","locations":[{"start":{"line":161,"column":4},"end":{"line":161,"column":null}},{"start":{},"end":{}}],"line":161},"20":{"loc":{"start":{"line":166,"column":6},"end":{"line":166,"column":null}},"type":"if","locations":[{"start":{"line":166,"column":6},"end":{"line":166,"column":null}},{"start":{},"end":{}}],"line":166},"21":{"loc":{"start":{"line":169,"column":6},"end":{"line":178,"column":null}},"type":"if","locations":[{"start":{"line":169,"column":6},"end":{"line":178,"column":null}},{"start":{},"end":{}}],"line":169},"22":{"loc":{"start":{"line":169,"column":10},"end":{"line":169,"column":54}},"type":"binary-expr","locations":[{"start":{"line":169,"column":10},"end":{"line":169,"column":32}},{"start":{"line":169,"column":32},"end":{"line":169,"column":54}}],"line":169},"23":{"loc":{"start":{"line":173,"column":16},"end":{"line":173,"column":null}},"type":"binary-expr","locations":[{"start":{"line":173,"column":16},"end":{"line":173,"column":33}},{"start":{"line":173,"column":33},"end":{"line":173,"column":null}}],"line":173},"24":{"loc":{"start":{"line":176,"column":25},"end":{"line":176,"column":47}},"type":"binary-expr","locations":[{"start":{"line":176,"column":25},"end":{"line":176,"column":42}},{"start":{"line":176,"column":42},"end":{"line":176,"column":47}}],"line":176}},"s":{"0":0,"1":0,"2":0,"3":0,"4":0,"5":0,"6":0,"7":0,"8":0,"9":0,"10":0,"11":0,"12":0,"13":0,"14":0,"15":0,"16":0,"17":0,"18":0,"19":0,"20":0,"21":0,"22":0,"23":0,"24":0,"25":0,"26":0,"27":0,"28":0,"29":0,"30":0,"31":0,"32":0,"33":0,"34":0,"35":0,"36":0,"37":0,"38":0,"39":0,"40":0,"41":0,"42":0,"43":0,"44":0,"45":0,"46":0,"47":0,"48":0,"49":0,"50":0,"51":0,"52":0,"53":0,"54":0,"55":0,"56":0,"57":0,"58":0,"59":0,"60":0,"61":0,"62":0,"63":0,"64":0,"65":0},"f":{"0":0,"1":0,"2":0,"3":0,"4":0,"5":0,"6":0},"b":{"0":[0,0],"1":[0,0],"2":[0,0],"3":[0,0],"4":[0,0],"5":[0,0],"6":[0,0],"7":[0,0],"8":[0,0],"9":[0,0],"10":[0,0],"11":[0,0],"12":[0,0],"13":[0,0],"14":[0,0],"15":[0,0],"16":[0,0],"17":[0,0],"18":[0,0],"19":[0,0],"20":[0,0],"21":[0,0],"22":[0,0],"23":[0,0],"24":[0,0]},"meta":{"lastBranch":25,"lastFunction":7,"lastStatement":66,"seen":{"f:21:9:21:Infinity":0,"s:28:28:33:Infinity":0,"b:31:19:31:54:31:54:31:Infinity":0,"s:34:2:43:Infinity":1,"b:35:4:35:Infinity:undefined:undefined:undefined:undefined":1,"s:35:4:35:Infinity":2,"s:35:31:35:Infinity":3,"s:36:4:36:Infinity":4,"b:36:43:36:54:36:54:36:58":2,"s:37:4:40:Infinity":5,"s:38:6:38:Infinity":6,"b:39:6:39:Infinity:undefined:undefined:undefined:undefined":3,"s:39:6:39:Infinity":7,"s:39:28:39:Infinity":8,"b:41:4:41:Infinity:undefined:undefined:undefined:undefined":4,"s:41:4:41:Infinity":9,"s:41:17:41:Infinity":10,"s:41:44:41:Infinity":11,"s:42:4:42:Infinity":12,"b:44:2:44:Infinity:undefined:undefined:undefined:undefined":5,"s:44:2:44:Infinity":13,"b:44:6:44:19:44:19:44:36":6,"s:44:36:44:Infinity":14,"s:45:2:45:Infinity":15,"f:48:9:48:18":1,"s:49:2:49:Infinity":16,"f:51:9:51:19":2,"s:52:2:52:Infinity":17,"f:55:15:55:25":3,"s:56:2:151:Infinity":18,"f:66:10:66:18":4,"s:67:22:67:Infinity":19,"s:68:23:68:Infinity":20,"b:68:23:68:40:68:40:68:Infinity":7,"s:69:37:71:Infinity":21,"b:70:10:70:Infinity:71:10:71:Infinity":8,"b:72:6:76:Infinity:undefined:undefined:undefined:undefined":9,"s:72:6:76:Infinity":22,"s:73:8:76:Infinity":23,"s:78:24:78:Infinity":24,"s:79:21:79:Infinity":25,"s:85:11:85:Infinity":26,"s:87:6:124:Infinity":27,"s:88:14:88:Infinity":28,"s:89:8:123:Infinity":29,"s:90:26:90:Infinity":30,"s:91:16:91:Infinity":31,"b:92:10:92:Infinity:undefined:undefined:undefined:undefined":10,"s:92:10:92:Infinity":32,"s:92:44:92:Infinity":33,"s:94:10:94:Infinity":34,"b:95:10:108:Infinity:undefined:undefined:undefined:undefined":11,"s:95:10:108:Infinity":35,"s:96:33:96:Infinity":36,"b:97:12:107:Infinity:undefined:undefined:undefined:undefined":12,"s:97:12:107:Infinity":37,"b:97:16:97:38:97:38:97:60":13,"s:98:14:98:Infinity":38,"s:99:14:99:Infinity":39,"s:100:14:105:Infinity":40,"s:106:14:106:Infinity":41,"s:109:10:109:Infinity":42,"s:111:10:121:Infinity":43,"b:116:56:116:68:116:68:116:Infinity":14,"s:122:10:122:Infinity":44,"b:126:6:130:Infinity:undefined:undefined:undefined:undefined":15,"s:126:6:130:Infinity":45,"s:127:8:130:Infinity":46,"s:131:6:149:Infinity":47,"b:141:28:141:41:141:41:141:Infinity":16,"f:142:27:142:32":5,"s:142:39:147:12":48,"s:153:2:153:Infinity":49,"s:154:2:154:Infinity":50,"s:156:2:182:Infinity":51,"f:156:23:156:30":6,"b:157:4:157:Infinity:undefined:undefined:undefined:undefined":17,"s:157:4:157:Infinity":52,"b:157:8:157:48:157:48:157:86":18,"s:157:86:157:Infinity":53,"s:158:22:158:Infinity":54,"b:161:4:161:Infinity:undefined:undefined:undefined:undefined":19,"s:161:4:161:Infinity":55,"s:161:19:161:Infinity":56,"s:163:4:181:Infinity":57,"s:164:22:164:Infinity":58,"s:165:12:165:Infinity":59,"b:166:6:166:Infinity:undefined:undefined:undefined:undefined":20,"s:166:6:166:Infinity":60,"s:166:40:166:Infinity":61,"s:168:27:168:Infinity":62,"b:169:6:178:Infinity:undefined:undefined:undefined:undefined":21,"s:169:6:178:Infinity":63,"b:169:10:169:32:169:32:169:54":22,"s:170:8:170:Infinity":64,"s:171:8:177:Infinity":65,"b:173:16:173:33:173:33:173:Infinity":23,"b:176:25:176:42:176:42:176:47":24}}}
,"/home/lam/git-repo/paradocs/extensions/yaml-enforcer/scanner.ts": {"path":"/home/lam/git-repo/paradocs/extensions/yaml-enforcer/scanner.ts","statementMap":{"0":{"start":{"line":9,"column":18},"end":{"line":9,"column":null}},"1":{"start":{"line":12,"column":26},"end":{"line":12,"column":null}},"2":{"start":{"line":13,"column":2},"end":{"line":23,"column":null}},"3":{"start":{"line":14,"column":10},"end":{"line":14,"column":null}},"4":{"start":{"line":15,"column":4},"end":{"line":22,"column":null}},"5":{"start":{"line":16,"column":22},"end":{"line":16,"column":null}},"6":{"start":{"line":17,"column":6},"end":{"line":19,"column":null}},"7":{"start":{"line":18,"column":8},"end":{"line":18,"column":null}},"8":{"start":{"line":18,"column":34},"end":{"line":18,"column":null}},"9":{"start":{"line":24,"column":2},"end":{"line":24,"column":null}}},"fnMap":{"0":{"name":"findParaMdFiles","decl":{"start":{"line":11,"column":22},"end":{"line":11,"column":38}},"loc":{"start":{"line":11,"column":74},"end":{"line":25,"column":null}},"line":11}},"branchMap":{"0":{"loc":{"start":{"line":18,"column":8},"end":{"line":18,"column":null}},"type":"if","locations":[{"start":{"line":18,"column":8},"end":{"line":18,"column":null}},{"start":{},"end":{}}],"line":18}},"s":{"0":0,"1":0,"2":0,"3":0,"4":0,"5":0,"6":0,"7":0,"8":0,"9":0},"f":{"0":0},"b":{"0":[0,0]},"meta":{"lastBranch":1,"lastFunction":1,"lastStatement":10,"seen":{"s:9:18:9:Infinity":0,"f:11:22:11:38":0,"s:12:26:12:Infinity":1,"s:13:2:23:Infinity":2,"s:14:10:14:Infinity":3,"s:15:4:22:Infinity":4,"s:16:22:16:Infinity":5,"s:17:6:19:Infinity":6,"b:18:8:18:Infinity:undefined:undefined:undefined:undefined":0,"s:18:8:18:Infinity":7,"s:18:34:18:Infinity":8,"s:24:2:24:Infinity":9}}}
,"/home/lam/git-repo/paradocs/extensions/yaml-enforcer/standardize-tool.ts": {"path":"/home/lam/git-repo/paradocs/extensions/yaml-enforcer/standardize-tool.ts","statementMap":{"0":{"start":{"line":16,"column":2},"end":{"line":87,"column":null}},"1":{"start":{"line":31,"column":22},"end":{"line":31,"column":null}},"2":{"start":{"line":32,"column":21},"end":{"line":32,"column":null}},"3":{"start":{"line":33,"column":20},"end":{"line":33,"column":null}},"4":{"start":{"line":34,"column":20},"end":{"line":34,"column":null}},"5":{"start":{"line":35,"column":66},"end":{"line":35,"column":null}},"6":{"start":{"line":36,"column":52},"end":{"line":40,"column":null}},"7":{"start":{"line":42,"column":6},"end":{"line":61,"column":null}},"8":{"start":{"line":43,"column":14},"end":{"line":43,"column":null}},"9":{"start":{"line":44,"column":24},"end":{"line":44,"column":null}},"10":{"start":{"line":45,"column":14},"end":{"line":45,"column":null}},"11":{"start":{"line":46,"column":29},"end":{"line":48,"column":null}},"12":{"start":{"line":47,"column":25},"end":{"line":47,"column":41}},"13":{"start":{"line":48,"column":22},"end":{"line":48,"column":55}},"14":{"start":{"line":49,"column":8},"end":{"line":49,"column":null}},"15":{"start":{"line":49,"column":39},"end":{"line":49,"column":null}},"16":{"start":{"line":51,"column":8},"end":{"line":51,"column":null}},"17":{"start":{"line":52,"column":8},"end":{"line":52,"column":null}},"18":{"start":{"line":53,"column":8},"end":{"line":60,"column":null}},"19":{"start":{"line":54,"column":20},"end":{"line":58,"column":null}},"20":{"start":{"line":55,"column":25},"end":{"line":55,"column":null}},"21":{"start":{"line":56,"column":28},"end":{"line":56,"column":null}},"22":{"start":{"line":59,"column":10},"end":{"line":59,"column":null}},"23":{"start":{"line":59,"column":36},"end":{"line":59,"column":null}},"24":{"start":{"line":63,"column":6},"end":{"line":69,"column":null}},"25":{"start":{"line":64,"column":8},"end":{"line":69,"column":null}},"26":{"start":{"line":71,"column":6},"end":{"line":85,"column":null}},"27":{"start":{"line":79,"column":40},"end":{"line":79,"column":98}},"28":{"start":{"line":79,"column":82},"end":{"line":79,"column":92}}},"fnMap":{"0":{"name":"registerStandardizeTool","decl":{"start":{"line":15,"column":16},"end":{"line":15,"column":40}},"loc":{"start":{"line":15,"column":64},"end":{"line":88,"column":null}},"line":15},"1":{"name":"execute","decl":{"start":{"line":30,"column":10},"end":{"line":30,"column":18}},"loc":{"start":{"line":30,"column":63},"end":{"line":86,"column":null}},"line":30},"2":{"name":"(anonymous_2)","decl":{"start":{"line":47,"column":11},"end":{"line":47,"column":19}},"loc":{"start":{"line":47,"column":25},"end":{"line":47,"column":41}},"line":47},"3":{"name":"(anonymous_3)","decl":{"start":{"line":48,"column":11},"end":{"line":48,"column":16}},"loc":{"start":{"line":48,"column":22},"end":{"line":48,"column":55}},"line":48},"4":{"name":"(anonymous_4)","decl":{"start":{"line":55,"column":12},"end":{"line":55,"column":19}},"loc":{"start":{"line":55,"column":25},"end":{"line":55,"column":null}},"line":55},"5":{"name":"(anonymous_5)","decl":{"start":{"line":56,"column":12},"end":{"line":56,"column":19}},"loc":{"start":{"line":56,"column":28},"end":{"line":56,"column":null}},"line":56},"6":{"name":"(anonymous_6)","decl":{"start":{"line":79,"column":25},"end":{"line":79,"column":34}},"loc":{"start":{"line":79,"column":40},"end":{"line":79,"column":98}},"line":79},"7":{"name":"(anonymous_7)","decl":{"start":{"line":79,"column":71},"end":{"line":79,"column":76}},"loc":{"start":{"line":79,"column":82},"end":{"line":79,"column":92}},"line":79}},"branchMap":{"0":{"loc":{"start":{"line":32,"column":21},"end":{"line":32,"column":null}},"type":"binary-expr","locations":[{"start":{"line":32,"column":21},"end":{"line":32,"column":38}},{"start":{"line":32,"column":38},"end":{"line":32,"column":null}}],"line":32},"1":{"loc":{"start":{"line":49,"column":8},"end":{"line":49,"column":null}},"type":"if","locations":[{"start":{"line":49,"column":8},"end":{"line":49,"column":null}},{"start":{},"end":{}}],"line":49},"2":{"loc":{"start":{"line":53,"column":8},"end":{"line":60,"column":null}},"type":"if","locations":[{"start":{"line":53,"column":8},"end":{"line":60,"column":null}},{"start":{},"end":{}}],"line":53},"3":{"loc":{"start":{"line":59,"column":10},"end":{"line":59,"column":null}},"type":"if","locations":[{"start":{"line":59,"column":10},"end":{"line":59,"column":null}},{"start":{},"end":{}}],"line":59},"4":{"loc":{"start":{"line":59,"column":14},"end":{"line":59,"column":36}},"type":"binary-expr","locations":[{"start":{"line":59,"column":14},"end":{"line":59,"column":25}},{"start":{"line":59,"column":25},"end":{"line":59,"column":36}}],"line":59},"5":{"loc":{"start":{"line":63,"column":6},"end":{"line":69,"column":null}},"type":"if","locations":[{"start":{"line":63,"column":6},"end":{"line":69,"column":null}},{"start":{},"end":{}}],"line":63},"6":{"loc":{"start":{"line":80,"column":14},"end":{"line":80,"column":null}},"type":"cond-expr","locations":[{"start":{"line":80,"column":23},"end":{"line":80,"column":70}},{"start":{"line":80,"column":70},"end":{"line":80,"column":null}}],"line":80}},"s":{"0":0,"1":0,"2":0,"3":0,"4":0,"5":0,"6":0,"7":0,"8":0,"9":0,"10":0,"11":0,"12":0,"13":0,"14":0,"15":0,"16":0,"17":0,"18":0,"19":0,"20":0,"21":0,"22":0,"23":0,"24":0,"25":0,"26":0,"27":0,"28":0},"f":{"0":0,"1":0,"2":0,"3":0,"4":0,"5":0,"6":0,"7":0},"b":{"0":[0,0],"1":[0,0],"2":[0,0],"3":[0,0],"4":[0,0],"5":[0,0],"6":[0,0]},"meta":{"lastBranch":7,"lastFunction":8,"lastStatement":29,"seen":{"f:15:16:15:40":0,"s:16:2:87:Infinity":0,"f:30:10:30:18":1,"s:31:22:31:Infinity":1,"s:32:21:32:Infinity":2,"b:32:21:32:38:32:38:32:Infinity":0,"s:33:20:33:Infinity":3,"s:34:20:34:Infinity":4,"s:35:66:35:Infinity":5,"s:36:52:40:Infinity":6,"s:42:6:61:Infinity":7,"s:43:14:43:Infinity":8,"s:44:24:44:Infinity":9,"s:45:14:45:Infinity":10,"s:46:29:48:Infinity":11,"f:47:11:47:19":2,"s:47:25:47:41":12,"f:48:11:48:16":3,"s:48:22:48:55":13,"b:49:8:49:Infinity:undefined:undefined:undefined:undefined":1,"s:49:8:49:Infinity":14,"s:49:39:49:Infinity":15,"s:51:8:51:Infinity":16,"s:52:8:52:Infinity":17,"b:53:8:60:Infinity:undefined:undefined:undefined:undefined":2,"s:53:8:60:Infinity":18,"s:54:20:58:Infinity":19,"f:55:12:55:19":4,"s:55:25:55:Infinity":20,"f:56:12:56:19":5,"s:56:28:56:Infinity":21,"b:59:10:59:Infinity:undefined:undefined:undefined:undefined":3,"s:59:10:59:Infinity":22,"b:59:14:59:25:59:25:59:36":4,"s:59:36:59:Infinity":23,"b:63:6:69:Infinity:undefined:undefined:undefined:undefined":5,"s:63:6:69:Infinity":24,"s:64:8:69:Infinity":25,"s:71:6:85:Infinity":26,"f:79:25:79:34":6,"s:79:40:79:98":27,"f:79:71:79:76":7,"s:79:82:79:92":28,"b:80:23:80:70:80:70:80:Infinity":6}}}
}
